#
# A fatal error has been detected by the Java Runtime Environment:
#
#  SIGSEGV (0xb) at pc=0x0000000102542da0, pid=6758, tid=48695
#
# JRE version: OpenJDK Runtime Environment Temurin-17.0.2+8 (17.0.2+8) (build 17.0.2+8)
# Java VM: OpenJDK 64-Bit Server VM Temurin-17.0.2+8 (17.0.2+8, mixed mode, sharing, tiered, compressed oops, compressed class ptrs, g1 gc, bsd-amd64)
# Problematic frame:
# V  [libjvm.dylib+0xa5cda0]  _ZN16SystemDictionary30resolve_instance_class_or_nullEP6Symbol6HandleS2_P10JavaThread+0x170
#
# No core dump will be written. Core dumps have been disabled. To enable core dumping, try "ulimit -c unlimited" before starting Java again
#
# If you would like to submit a bug report, please visit:
#   https://github.com/adoptium/adoptium-support/issues
#

---------------  S U M M A R Y ------------

Command Line: -javaagent:/Applications/IntelliJ IDEA.app/Contents/lib/idea_rt.jar=59297:/Applications/IntelliJ IDEA.app/Contents/bin -Dfile.encoding=UTF-8 --module-path=/Users/ahmedsherif/.m2/repository/org/openjfx/javafx-fxml/17.0.1/javafx-fxml-17.0.1-mac.jar:/Users/ahmedsherif/.m2/repository/org/openjfx/javafx-base/17.0.1/javafx-base-17.0.1-mac.jar:/Users/ahmedsherif/.m2/repository/com/dlsc/formsfx/formsfx-core/11.3.2/formsfx-core-11.3.2.jar:/Users/ahmedsherif/.m2/repository/org/kordamp/bootstrapfx/bootstrapfx-core/0.4.0/bootstrapfx-core-0.4.0.jar:/Users/ahmedsherif/.m2/repository/org/controlsfx/controlsfx/11.1.1/controlsfx-11.1.1.jar:/Users/ahmedsherif/Desktop/Incognito/Java/demo/target/classes:/Users/ahmedsherif/.m2/repository/org/openjfx/javafx-controls/17.0.1/javafx-controls-17.0.1-mac.jar:/Users/ahmedsherif/.m2/repository/org/openjfx/javafx-graphics/17.0.1/javafx-graphics-17.0.1-mac.jar -Djdk.module.main=com.example.demo com.example.demo/com.example.demo.HelloApplication

Host: "MacBookAir9,1" x86_64 1100 MHz, 4 cores, 8G, Darwin 21.5.0, macOS 10.16 (21F79)
Time: Sat Jun  4 16:01:02 2022 EET elapsed time: 1182.672541 seconds (0d 0h 19m 42s)

---------------  T H R E A D  ---------------

Current thread (0x00007fea518fb000):  JavaThread "Glass/Prism Shutdown Hook" [_thread_in_vm, id=48695, stack(0x00007000082c5000,0x00007000083c5000)]

Stack: [0x00007000082c5000,0x00007000083c5000],  sp=0x00007000083c4710,  free space=1021k
Native frames: (J=compiled Java code, j=interpreted, Vv=VM code, C=native code)
V  [libjvm.dylib+0xa5cda0]  _ZN16SystemDictionary30resolve_instance_class_or_nullEP6Symbol6HandleS2_P10JavaThread+0x170
V  [libjvm.dylib+0xa5c70f]  _ZN16SystemDictionary15resolve_or_failEP6Symbol6HandleS2_bP10JavaThread+0x6f
V  [libjvm.dylib+0x3527e4]  _ZN12ConstantPool13klass_at_implERK18constantPoolHandleiP10JavaThread+0x1b4
V  [libjvm.dylib+0x3533c9]  _ZN12ConstantPool12klass_ref_atEiP10JavaThread+0xa9
V  [libjvm.dylib+0x72f42c]  _ZN8LinkInfoC2ERK18constantPoolHandleiP10JavaThread+0x3c
V  [libjvm.dylib+0x7347eb]  _ZN12LinkResolver21resolve_invokevirtualER8CallInfo6HandleRK18constantPoolHandleiP10JavaThread+0x2b
V  [libjvm.dylib+0x513c76]  _ZN18InterpreterRuntime14resolve_invokeEP10JavaThreadN9Bytecodes4CodeE+0x356
V  [libjvm.dylib+0x514306]  _ZN18InterpreterRuntime18resolve_from_cacheEP10JavaThreadN9Bytecodes4CodeE+0x56
j  com.sun.javafx.tk.quantum.QuantumToolkit$1.run()V+4 javafx.graphics
v  ~StubRoutines::call_stub
V  [libjvm.dylib+0x51ad26]  _ZN9JavaCalls11call_helperEP9JavaValueRK12methodHandleP17JavaCallArgumentsP10JavaThread+0x2b6
V  [libjvm.dylib+0x519d87]  _ZN9JavaCalls12call_virtualEP9JavaValueP5KlassP6SymbolS5_P17JavaCallArgumentsP10JavaThread+0x147
V  [libjvm.dylib+0x519e53]  _ZN9JavaCalls12call_virtualEP9JavaValue6HandleP5KlassP6SymbolS6_P10JavaThread+0x63
V  [libjvm.dylib+0x5c5b34]  _ZL12thread_entryP10JavaThreadS0_+0xb4
V  [libjvm.dylib+0xaa1285]  _ZN10JavaThread17thread_main_innerEv+0x145
V  [libjvm.dylib+0xa9f63a]  _ZN6Thread8call_runEv+0x11a
V  [libjvm.dylib+0x8ac48b]  _ZL19thread_native_entryP6Thread+0x14b
C  [libsystem_pthread.dylib+0x64e1]  _pthread_start+0x7d
C  [libsystem_pthread.dylib+0x1f6b]  thread_start+0xf

Java frames: (J=compiled Java code, j=interpreted, Vv=VM code)
j  com.sun.javafx.tk.quantum.QuantumToolkit$1.run()V+4 javafx.graphics
v  ~StubRoutines::call_stub

siginfo: si_signo: 11 (SIGSEGV), si_code: 1 (SEGV_MAPERR), si_addr: 0x0000000000000056

Register to memory mapping:

RAX=0xfffffffffffffffe is an unknown value
RBX=0x0000600001b68a40 points into unknown readable memory: 0x0000000000000002 | 02 00 00 00 00 00 00 00
RCX=0x0000000000000006 is an unknown value
RDX=0x0000000800000000 is pointing into metadata
RSP=0x00007000083c4710 is pointing into the stack for thread: 0x00007fea518fb000
RBP=0x00007000083c4810 is pointing into the stack for thread: 0x00007fea518fb000
RSI=0x00000008000840d8 is a pointer to class: 
jdk.internal.loader.ClassLoaders$AppClassLoader {0x00000008000840d8}
 - instance size:     13
 - klass size:        104
 - access:            synchronized 
 - state:             fully_initialized
 - name:              'jdk/internal/loader/ClassLoaders$AppClassLoader'
 - super:             'jdk/internal/loader/BuiltinClassLoader'
 - sub:               
 - arrays:            NULL
 - methods:           Array<T>(0x000000080066a580)
 - method ordering:   Array<T>(0x000000080066a6d0)
 - default_methods:   Array<T>(0x0000000000000000)
 - local interfaces:  Array<T>(0x00000008005d7600)
 - trans. interfaces: Array<T>(0x00000008005d7600)
 - constants:         constant pool [119] {0x0000000800667d80} for 'jdk/internal/loader/ClassLoaders$AppClassLoader' cache=0x00000008000844f0
 - class loader data:  loader data: 0x0000600003f380a0 of 'bootstrap'
 - source file:       'ClassLoaders.java'
 - class annotations:       Array<T>(0x0000000000000000)
 - class type annotations:  Array<T>(0x0000000000000000)
 - field annotations:       Array<T>(0x0000000000000000)
 - field type annotations:  Array<T>(0x0000000000000000)
 - inner classes:     Array<T>(0x000000080066a568)
 - nest members:     Array<T>(0x00000008005d7590)
 - permitted subclasses:     Array<T>(0x00000008005d7590)
 - java mirror:       a 'java/lang/Class'{0x00000007ffe03d90} = 'jdk/internal/loader/ClassLoaders$AppClassLoader'
 - vtable length      43  (start addr: 0x00000008000842a8)
 - itable length      2 (start addr: 0x0000000800084400)
 - ---- static fields (0 words):
 - ---- non-static fields (23 words):
 - private 'defaultAssertionStatus' 'Z' @12 
 - private final 'parent' 'Ljava/lang/ClassLoader;' @24 
 - private final 'name' 'Ljava/lang/String;' @28 
 - private final 'unnamedModule' 'Ljava/lang/Module;' @32 
 - private final 'nameAndId' 'Ljava/lang/String;' @36 
 - private final 'parallelLockMap' 'Ljava/util/concurrent/ConcurrentHashMap;' @40 
 - private final 'package2certs' 'Ljava/util/concurrent/ConcurrentHashMap;' @44 
 - private final 'classes' 'Ljava/util/ArrayList;' @48 
 - private final 'defaultDomain' 'Ljava/security/ProtectionDomain;' @52 
 - private final 'packages' 'Ljava/util/concurrent/ConcurrentHashMap;' @56 
 - private final 'libraries' 'Ljdk/internal/loader/NativeLibraries;' @60 
 - final 'assertionLock' 'Ljava/lang/Object;' @64 
 - private 'packageAssertionStatus' 'Ljava/util/Map;' @68 
 - 'classAssertionStatus' 'Ljava/util/Map;' @72 
 - private volatile 'classLoaderValueMap' 'Ljava/util/concurrent/ConcurrentHashMap;' @76 
 - private final 'pdcache' 'Ljava/util/Map;' @80 
 - private final 'parent' 'Ljdk/internal/loader/BuiltinClassLoader;' @84 
 - private synchronized 'ucp' 'Ljdk/internal/loader/URLClassPath;' @88 
 - private final 'nameToModule' 'Ljava/util/Map;' @92 
 - private final 'moduleToReader' 'Ljava/util/Map;' @96 
 - private volatile 'resourceCache' 'Ljava/lang/ref/SoftReference;' @100 
 - non-static oop maps: 24-100 
RDI=0x0000018000000cbb is an unknown value
R8 =0x0000000780000000 points into unknown readable memory: 0x0000000000000000 | 00 00 00 00 00 00 00 00
R9 =0x00007fea518fb000 is a thread
R10=0x0000000102869910: _ZN19TemplateInterpreter13_active_tableE+0x4800 in /Library/Java/JavaVirtualMachines/temurin-17.jdk/Contents/Home/lib/server/libjvm.dylib at 0x0000000101ae6000
R11=0x00007fea5102b4f0 points into unknown readable memory: 0x600007fea5101304 | 04 13 10 a5 fe 07 00 60
R12=0x0000600003135a70 points into unknown readable memory: 0x0000000787f19fa8 | a8 9f f1 87 07 00 00 00
R13=0x0000600000032ee0 points into unknown readable memory: 0x6f630028119a0016 | 16 00 9a 11 28 00 63 6f
R14=0x0000000787f19fa8 is an oop: jdk.internal.loader.ClassLoaders$AppClassLoader 
{0x0000000787f19fa8} - klass: 'jdk/internal/loader/ClassLoaders$AppClassLoader'
 - ---- fields (total size 13 words):
 - private 'defaultAssertionStatus' 'Z' @12  true (a)
 - private final 'parent' 'Ljava/lang/ClassLoader;' @24  a 'java/lang/Class'{0x00000007875e1808} = 'com/sun/glass/ui/Screen' (f0ebc301)
 - private final 'name' 'Ljava/lang/String;' @28  "app"{0x00000007fff0bae8} (fffe175d)
 - private final 'unnamedModule' 'Ljava/lang/Module;' @32  a 'java/lang/Module'{0x0000000787f1a138} (f0fe3427)
 - private final 'nameAndId' 'Ljava/lang/String;' @36  a 'java/lang/invoke/ResolvedMethodName'{0x000000078730b2b0} (f0e61656)
 - private final 'parallelLockMap' 'Ljava/util/concurrent/ConcurrentHashMap;' @40  a 'java/util/concurrent/ConcurrentHashMap'{0x0000000787f1a170} (f0fe342e)
 - private final 'package2certs' 'Ljava/util/concurrent/ConcurrentHashMap;' @44  a 'java/util/concurrent/ConcurrentHashMap'{0x0000000787f1a1c0} (f0fe3438)
 - private final 'classes' 'Ljava/util/ArrayList;' @48  a 'java/util/ArrayList'{0x0000000787f1a010} (f0fe3402)
 - private final 'defaultDomain' 'Ljava/security/ProtectionDomain;' @52  a 'java/security/ProtectionDomain'{0x0000000787f1a028} (f0fe3405)
 - private final 'packages' 'Ljava/util/concurrent/ConcurrentHashMap;' @56  a 'java/util/concurrent/ConcurrentHashMap'{0x0000000787f1a098} (f0fe3413)
 - private final 'libraries' 'Ljdk/internal/loader/NativeLibraries;' @60  a 'jdk/internal/loader/NativeLibraries'{0x0000000787f1a0d8} (f0fe341b)
 - final 'assertionLock' 'Ljava/lang/Object;' @64  a 'java/lang/Object'{0x0000000787f1a1b0} (f0fe3436)
 - private 'packageAssertionStatus' 'Ljava/util/Map;' @68  NULL (0)
 - 'classAssertionStatus' 'Ljava/util/Map;' @72  NULL (0)
 - private volatile 'classLoaderValueMap' 'Ljava/util/concurrent/ConcurrentHashMap;' @76  a 'java/util/concurrent/ConcurrentHashMap'{0x0000000787f1a5a8} (f0fe34b5)
 - private final 'pdcache' 'Ljava/util/Map;' @80  a 'java/util/concurrent/ConcurrentHashMap'{0x0000000787f1a268} (f0fe344d)
 - private final 'parent' 'Ljdk/internal/loader/BuiltinClassLoader;' @84  a 'jdk/internal/loader/ClassLoaders$PlatformClassLoader'{0x0000000787f18960} (f0fe312c)
 - private synchronized 'ucp' 'Ljdk/internal/loader/URLClassPath;' @88  a 'jdk/internal/loader/URLClassPath'{0x0000000787f18fb8} (f0fe31f7)
 - private final 'nameToModule' 'Ljava/util/Map;' @92  a 'java/util/concurrent/ConcurrentHashMap'{0x0000000787f1a2a8} (f0fe3455)
 - private final 'moduleToReader' 'Ljava/util/Map;' @96  a 'java/util/concurrent/ConcurrentHashMap'{0x0000000787f1a2e8} (f0fe345d)
 - private volatile 'resourceCache' 'Ljava/lang/ref/SoftReference;' @100  NULL (0)
R15=0x00007fea518fb000 is a thread


Registers:
RAX=0xfffffffffffffffe, RBX=0x0000600001b68a40, RCX=0x0000000000000006, RDX=0x0000000800000000
RSP=0x00007000083c4710, RBP=0x00007000083c4810, RSI=0x00000008000840d8, RDI=0x0000018000000cbb
R8 =0x0000000780000000, R9 =0x00007fea518fb000, R10=0x0000000102869910, R11=0x00007fea5102b4f0
R12=0x0000600003135a70, R13=0x0000600000032ee0, R14=0x0000000787f19fa8, R15=0x00007fea518fb000
RIP=0x0000000102542da0, EFLAGS=0x0000000000010207, ERR=0x0000000000000004
  TRAPNO=0x000000000000000e

Top of Stack: (sp=0x00007000083c4710)
0x00007000083c4710:   0000000000000000 00007fea518fb000
0x00007000083c4720:   0000600001b68a40 0000600003135a40
0x00007000083c4730:   0000600003135a70 0000600003135b28
0x00007000083c4740:   00000000000000d8 00007000083c4bf0
0x00007000083c4750:   0000000000000000 0000000000000000
0x00007000083c4760:   0000000000000000 0000000000000000
0x00007000083c4770:   0000000000000000 0000000000000000
0x00007000083c4780:   0000700000000000 00007ff81136031b
0x00007000083c4790:   00007000083c48d0 0000000000000000
0x00007000083c47a0:   0000600003135a68 0000000000000000
0x00007000083c47b0:   00000001026ceaac 000000000000001f
0x00007000083c47c0:   0000600003135a70 00000001026ceaac
0x00007000083c47d0:   00007fea518fb000 00007ff800000000
0x00007000083c47e0:   0000000000000000 0000600003135a60
0x00007000083c47f0:   0000600000032ee0 0000600003135a68
0x00007000083c4800:   0000000000000001 00007fea518fb000
0x00007000083c4810:   00007000083c4850 000000010254270f
0x00007000083c4820:   000000010284b8ef 0000600001b68a40
0x00007000083c4830:   00007000083c48c0 0000600003135a68
0x00007000083c4840:   00007fea518fb000 0000000787a18008
0x00007000083c4850:   00007000083c48b0 0000000101e387e4
0x00007000083c4860:   0000600000032ee0 0000000000000002
0x00007000083c4870:   000000000000000e 0000600003135a60
0x00007000083c4880:   0000000e00000051 0000600000e69980
0x00007000083c4890:   000000000000000e 0000000000000000
0x00007000083c48a0:   00007fea518fb000 00007000083c48c0
0x00007000083c48b0:   00007000083c48f0 0000000101e393c9
0x00007000083c48c0:   0000000120465b90 00007fea518fb000
0x00007000083c48d0:   00007000083c4948 00007fea518fb000
0x00007000083c48e0:   00007000083c4a90 0000000000000002
0x00007000083c48f0:   00007000083c4930 000000010221542c
0x00007000083c4900:   00007000083c4998 00007fea518fb000 

Instructions: (pc=0x0000000102542da0)
0x0000000102542ca0:   ac a4 ac ff 48 85 c0 4c 89 65 c0 75 19 e9 c7 00
0x0000000102542cb0:   00 00 31 ff e8 97 a4 ac ff 48 85 c0 4c 89 65 c0
0x0000000102542cc0:   0f 84 b3 00 00 00 49 89 c6 49 8b 9c 24 38 02 00
0x0000000102542cd0:   00 4c 8b 63 18 49 83 fc f8 72 18 48 8d 15 3d 73
0x0000000102542ce0:   13 00 be 08 00 00 00 48 89 df e8 31 28 70 ff 4c
0x0000000102542cf0:   8b 63 18 49 8d 44 24 08 48 3b 43 20 76 6e be 08
0x0000000102542d00:   00 00 00 31 d2 48 89 df e8 43 28 70 ff 49 89 c4
0x0000000102542d10:   4d 89 34 24 4d 85 e4 74 60 31 f6 4c 89 f7 e8 0d
0x0000000102542d20:   e8 e3 ff 84 c0 75 26 48 8d 3d 21 e5 19 00 48 8d
0x0000000102542d30:   15 56 e5 19 00 48 8d 0d 8f e5 19 00 be 23 00 00
0x0000000102542d40:   00 31 c0 e8 e8 4f 90 ff e8 63 f3 e4 ff 49 8b 3c
0x0000000102542d50:   24 e8 8a a0 ac ff 48 85 c0 4c 89 65 b0 0f 84 f7
0x0000000102542d60:   01 00 00 c7 45 c8 00 00 00 00 eb 22 48 89 43 18
0x0000000102542d70:   4d 89 34 24 4d 85 e4 75 a0 48 8d 05 30 d4 2f 00
0x0000000102542d80:   48 8b 00 b1 01 89 4d c8 31 c9 48 89 4d b0 48 8d
0x0000000102542d90:   0d e7 4b 2c 00 8b 09 83 c1 03 4c 89 ef 48 d3 ef
0x0000000102542da0:   4c 8b 78 58 41 8b 4d 00 49 89 c4 41 8b 55 04 c1
0x0000000102542db0:   e2 08 41 0f b6 75 06 c1 e6 08 45 0f b6 75 07 41
0x0000000102542dc0:   09 f6 41 31 d6 41 31 fe 41 0f a4 ce 10 4c 89 ff
0x0000000102542dd0:   44 89 f6 4c 89 ea 48 8b 4d 90 e8 e1 6c 97 ff 48
0x0000000102542de0:   89 c3 48 85 c0 0f 85 2d 03 00 00 4c 89 7d a0 4c
0x0000000102542df0:   89 65 a8 80 7d c8 00 74 04 31 c0 eb 20 48 8d 05
0x0000000102542e00:   12 5d 30 00 80 38 00 4c 8b 65 b0 75 0d 49 8b 3c
0x0000000102542e10:   24 e8 4a a2 ac ff 84 c0 75 df 4c 89 e0 48 8b 5d
0x0000000102542e20:   c0 4d 89 ef 48 8d bd 40 ff ff ff 48 89 85 58 ff
0x0000000102542e30:   ff ff 48 89 c6 48 89 da e8 83 c9 ff ff 48 8d 05
0x0000000102542e40:   5c 7e 31 00 4c 8b 28 4d 85 ed 74 0b 4c 89 ef 48
0x0000000102542e50:   89 de e8 89 a9 e1 ff 48 8b 7d a0 44 89 f6 4c 89
0x0000000102542e60:   fa e8 1a 6d 97 ff 48 85 c0 48 89 45 c8 0f 84 fd
0x0000000102542e70:   00 00 00 48 89 c2 31 f6 45 31 e4 4c 89 7d b8 4d
0x0000000102542e80:   85 ed 74 12 4c 89 ef 48 89 f3 e8 11 ab e1 ff 48
0x0000000102542e90:   89 de 48 8b 55 c8 45 84 e4 4c 8b 6d c0 4c 8b 7d 


Stack slot to memory mapping:
stack at sp + 0 slots: 0x0 is NULL
stack at sp + 1 slots: 0x00007fea518fb000 is a thread
stack at sp + 2 slots: 0x0000600001b68a40 points into unknown readable memory: 0x0000000000000002 | 02 00 00 00 00 00 00 00
stack at sp + 3 slots: 0x0000600003135a40 points into unknown readable memory: 0x0000000000000000 | 00 00 00 00 00 00 00 00
stack at sp + 4 slots: 0x0000600003135a70 points into unknown readable memory: 0x0000000787f19fa8 | a8 9f f1 87 07 00 00 00
stack at sp + 5 slots: 0x0000600003135b28 points into unknown readable memory: 0x0000000000000002 | 02 00 00 00 00 00 00 00
stack at sp + 6 slots: 0x00000000000000d8 is an unknown value
stack at sp + 7 slots: 0x00007000083c4bf0 is pointing into the stack for thread: 0x00007fea518fb000


---------------  P R O C E S S  ---------------

Threads class SMR info:
_java_thread_list=0x0000600000e7be80, length=18, elements={
0x00007fea52809400, 0x00007fea5084e800, 0x00007fea50815200, 0x00007fea52025a00,
0x00007fea5183ba00, 0x00007fea5282ce00, 0x00007fea5180c600, 0x00007fea51896800,
0x00007fea52025400, 0x00007fea50852a00, 0x00007fea50854400, 0x00007fea5183ae00,
0x00007fea5183b400, 0x00007fea51839e00, 0x00007fea5296e800, 0x00007fea52020400,
0x00007fea52209e00, 0x00007fea518fb000
}

Java Threads: ( => current thread )
  0x00007fea52809400 JavaThread "main" [_thread_blocked, id=6403, stack(0x0000700006974000,0x0000700006a74000)]
  0x00007fea5084e800 JavaThread "Reference Handler" daemon [_thread_blocked, id=16387, stack(0x0000700007089000,0x0000700007189000)]
  0x00007fea50815200 JavaThread "Finalizer" daemon [_thread_blocked, id=15107, stack(0x000070000718c000,0x000070000728c000)]
  0x00007fea52025a00 JavaThread "Signal Dispatcher" daemon [_thread_blocked, id=41987, stack(0x0000700007395000,0x0000700007495000)]
  0x00007fea5183ba00 JavaThread "Service Thread" daemon [_thread_blocked, id=41475, stack(0x0000700007498000,0x0000700007598000)]
  0x00007fea5282ce00 JavaThread "Monitor Deflation Thread" daemon [_thread_blocked, id=41219, stack(0x000070000759b000,0x000070000769b000)]
  0x00007fea5180c600 JavaThread "C2 CompilerThread0" daemon [_thread_blocked, id=22787, stack(0x000070000769e000,0x000070000779e000)]
  0x00007fea51896800 JavaThread "C1 CompilerThread0" daemon [_thread_blocked, id=40707, stack(0x00007000077a1000,0x00007000078a1000)]
  0x00007fea52025400 JavaThread "Sweeper thread" daemon [_thread_blocked, id=23555, stack(0x00007000078a4000,0x00007000079a4000)]
  0x00007fea50852a00 JavaThread "Common-Cleaner" daemon [_thread_blocked, id=23811, stack(0x00007000079a7000,0x0000700007aa7000)]
  0x00007fea50854400 JavaThread "Monitor Ctrl-Break" daemon [_thread_in_native, id=24067, stack(0x0000700007aaa000,0x0000700007baa000)]
  0x00007fea5183ae00 JavaThread "Notification Thread" daemon [_thread_blocked, id=24323, stack(0x0000700007bad000,0x0000700007cad000)]
  0x00007fea5183b400 JavaThread "Attach Listener" daemon [_thread_blocked, id=38915, stack(0x0000700007db3000,0x0000700007eb3000)]
  0x00007fea51839e00 JavaThread "QuantumRenderer-0" daemon [_thread_blocked, id=24579, stack(0x0000700007eb6000,0x0000700007fb6000)]
  0x00007fea5296e800 JavaThread "InvokeLaterDispatcher" daemon [_thread_blocked, id=35843, stack(0x0000700007fb9000,0x00007000080b9000)]
  0x00007fea52020400 JavaThread "Thread-1" [_thread_in_native, id=259, stack(0x00007ff7bee80000,0x00007ff7bf680000)]
  0x00007fea52209e00 JavaThread "SIGINT handler" daemon [_thread_blocked, id=56175, stack(0x00007000081c2000,0x00007000082c2000)]
=>0x00007fea518fb000 JavaThread "Glass/Prism Shutdown Hook" [_thread_in_vm, id=48695, stack(0x00007000082c5000,0x00007000083c5000)]

Other Threads:
  0x00007fea51006e30 VMThread "VM Thread" [stack: 0x0000700006f86000,0x0000700007086000] [id=17155]
  0x00007fea5100eea0 WatcherThread [stack: 0x0000700007cb0000,0x0000700007db0000] [id=39427]
  0x00007fea51207870 GCTaskThread "GC Thread#0" [stack: 0x0000700006a77000,0x0000700006b77000] [id=12035]
  0x00007fea510055d0 ConcurrentGCThread "G1 Main Marker" [stack: 0x0000700006b7a000,0x0000700006c7a000] [id=19459]
  0x00007fea51005e50 ConcurrentGCThread "G1 Conc#0" [stack: 0x0000700006c7d000,0x0000700006d7d000] [id=18947]
  0x00007fea50705330 ConcurrentGCThread "G1 Refine#0" [stack: 0x0000700006d80000,0x0000700006e80000] [id=13315]
  0x00007fea51207e20 ConcurrentGCThread "G1 Service" [stack: 0x0000700006e83000,0x0000700006f83000] [id=18435]

Threads with active compile tasks:

VM state: not at safepoint (normal execution)

VM Mutex/Monitor currently owned by a thread: None

Heap address: 0x0000000780000000, size: 2048 MB, Compressed Oops mode: Zero based, Oop shift amount: 3

CDS archive(s) mapped at: [0x0000000800000000-0x0000000800bd2000-0x0000000800bd2000), size 12394496, SharedBaseAddress: 0x0000000800000000, ArchiveRelocationMode: 0.
Compressed class space mapped at: 0x0000000800c00000-0x0000000840c00000, reserved size: 1073741824
Narrow klass base: 0x0000000800000000, Narrow klass shift: 0, Narrow klass range: 0x100000000

GC Precious Log:
 CPUs: 4 total, 4 available
 Memory: 8192M
 Large Page Support: Disabled
 NUMA Support: Disabled
 Compressed Oops: Enabled (Zero based)
 Heap Region Size: 1M
 Heap Min Capacity: 8M
 Heap Initial Capacity: 128M
 Heap Max Capacity: 2G
 Pre-touch: Disabled
 Parallel Workers: 4
 Concurrent Workers: 1
 Concurrent Refinement Workers: 4
 Periodic GC: Disabled

Heap:
 garbage-first heap   total 133120K, used 13268K [0x0000000780000000, 0x0000000800000000)
  region size 1024K, 13 young (13312K), 0 survivors (0K)
 Metaspace       used 3507K, committed 3776K, reserved 1056768K
  class space    used 381K, committed 512K, reserved 1048576K

Heap Regions: E=young(eden), S=young(survivor), O=old, HS=humongous(starts), HC=humongous(continues), CS=collection set, F=free, OA=open archive, CA=closed archive, TAMS=top-at-mark-start (previous, next)
|   0|0x0000000780000000, 0x0000000780000000, 0x0000000780100000|  0%| F|  |TAMS 0x0000000780000000, 0x0000000780000000| Untracked 
|   1|0x0000000780100000, 0x0000000780100000, 0x0000000780200000|  0%| F|  |TAMS 0x0000000780100000, 0x0000000780100000| Untracked 
|   2|0x0000000780200000, 0x0000000780200000, 0x0000000780300000|  0%| F|  |TAMS 0x0000000780200000, 0x0000000780200000| Untracked 
|   3|0x0000000780300000, 0x0000000780300000, 0x0000000780400000|  0%| F|  |TAMS 0x0000000780300000, 0x0000000780300000| Untracked 
|   4|0x0000000780400000, 0x0000000780400000, 0x0000000780500000|  0%| F|  |TAMS 0x0000000780400000, 0x0000000780400000| Untracked 
|   5|0x0000000780500000, 0x0000000780500000, 0x0000000780600000|  0%| F|  |TAMS 0x0000000780500000, 0x0000000780500000| Untracked 
|   6|0x0000000780600000, 0x0000000780600000, 0x0000000780700000|  0%| F|  |TAMS 0x0000000780600000, 0x0000000780600000| Untracked 
|   7|0x0000000780700000, 0x0000000780700000, 0x0000000780800000|  0%| F|  |TAMS 0x0000000780700000, 0x0000000780700000| Untracked 
|   8|0x0000000780800000, 0x0000000780800000, 0x0000000780900000|  0%| F|  |TAMS 0x0000000780800000, 0x0000000780800000| Untracked 
|   9|0x0000000780900000, 0x0000000780900000, 0x0000000780a00000|  0%| F|  |TAMS 0x0000000780900000, 0x0000000780900000| Untracked 
|  10|0x0000000780a00000, 0x0000000780a00000, 0x0000000780b00000|  0%| F|  |TAMS 0x0000000780a00000, 0x0000000780a00000| Untracked 
|  11|0x0000000780b00000, 0x0000000780b00000, 0x0000000780c00000|  0%| F|  |TAMS 0x0000000780b00000, 0x0000000780b00000| Untracked 
|  12|0x0000000780c00000, 0x0000000780c00000, 0x0000000780d00000|  0%| F|  |TAMS 0x0000000780c00000, 0x0000000780c00000| Untracked 
|  13|0x0000000780d00000, 0x0000000780d00000, 0x0000000780e00000|  0%| F|  |TAMS 0x0000000780d00000, 0x0000000780d00000| Untracked 
|  14|0x0000000780e00000, 0x0000000780e00000, 0x0000000780f00000|  0%| F|  |TAMS 0x0000000780e00000, 0x0000000780e00000| Untracked 
|  15|0x0000000780f00000, 0x0000000780f00000, 0x0000000781000000|  0%| F|  |TAMS 0x0000000780f00000, 0x0000000780f00000| Untracked 
|  16|0x0000000781000000, 0x0000000781000000, 0x0000000781100000|  0%| F|  |TAMS 0x0000000781000000, 0x0000000781000000| Untracked 
|  17|0x0000000781100000, 0x0000000781100000, 0x0000000781200000|  0%| F|  |TAMS 0x0000000781100000, 0x0000000781100000| Untracked 
|  18|0x0000000781200000, 0x0000000781200000, 0x0000000781300000|  0%| F|  |TAMS 0x0000000781200000, 0x0000000781200000| Untracked 
|  19|0x0000000781300000, 0x0000000781300000, 0x0000000781400000|  0%| F|  |TAMS 0x0000000781300000, 0x0000000781300000| Untracked 
|  20|0x0000000781400000, 0x0000000781400000, 0x0000000781500000|  0%| F|  |TAMS 0x0000000781400000, 0x0000000781400000| Untracked 
|  21|0x0000000781500000, 0x0000000781500000, 0x0000000781600000|  0%| F|  |TAMS 0x0000000781500000, 0x0000000781500000| Untracked 
|  22|0x0000000781600000, 0x0000000781600000, 0x0000000781700000|  0%| F|  |TAMS 0x0000000781600000, 0x0000000781600000| Untracked 
|  23|0x0000000781700000, 0x0000000781700000, 0x0000000781800000|  0%| F|  |TAMS 0x0000000781700000, 0x0000000781700000| Untracked 
|  24|0x0000000781800000, 0x0000000781800000, 0x0000000781900000|  0%| F|  |TAMS 0x0000000781800000, 0x0000000781800000| Untracked 
|  25|0x0000000781900000, 0x0000000781900000, 0x0000000781a00000|  0%| F|  |TAMS 0x0000000781900000, 0x0000000781900000| Untracked 
|  26|0x0000000781a00000, 0x0000000781a00000, 0x0000000781b00000|  0%| F|  |TAMS 0x0000000781a00000, 0x0000000781a00000| Untracked 
|  27|0x0000000781b00000, 0x0000000781b00000, 0x0000000781c00000|  0%| F|  |TAMS 0x0000000781b00000, 0x0000000781b00000| Untracked 
|  28|0x0000000781c00000, 0x0000000781c00000, 0x0000000781d00000|  0%| F|  |TAMS 0x0000000781c00000, 0x0000000781c00000| Untracked 
|  29|0x0000000781d00000, 0x0000000781d00000, 0x0000000781e00000|  0%| F|  |TAMS 0x0000000781d00000, 0x0000000781d00000| Untracked 
|  30|0x0000000781e00000, 0x0000000781e00000, 0x0000000781f00000|  0%| F|  |TAMS 0x0000000781e00000, 0x0000000781e00000| Untracked 
|  31|0x0000000781f00000, 0x0000000781f00000, 0x0000000782000000|  0%| F|  |TAMS 0x0000000781f00000, 0x0000000781f00000| Untracked 
|  32|0x0000000782000000, 0x0000000782000000, 0x0000000782100000|  0%| F|  |TAMS 0x0000000782000000, 0x0000000782000000| Untracked 
|  33|0x0000000782100000, 0x0000000782100000, 0x0000000782200000|  0%| F|  |TAMS 0x0000000782100000, 0x0000000782100000| Untracked 
|  34|0x0000000782200000, 0x0000000782200000, 0x0000000782300000|  0%| F|  |TAMS 0x0000000782200000, 0x0000000782200000| Untracked 
|  35|0x0000000782300000, 0x0000000782300000, 0x0000000782400000|  0%| F|  |TAMS 0x0000000782300000, 0x0000000782300000| Untracked 
|  36|0x0000000782400000, 0x0000000782400000, 0x0000000782500000|  0%| F|  |TAMS 0x0000000782400000, 0x0000000782400000| Untracked 
|  37|0x0000000782500000, 0x0000000782500000, 0x0000000782600000|  0%| F|  |TAMS 0x0000000782500000, 0x0000000782500000| Untracked 
|  38|0x0000000782600000, 0x0000000782600000, 0x0000000782700000|  0%| F|  |TAMS 0x0000000782600000, 0x0000000782600000| Untracked 
|  39|0x0000000782700000, 0x0000000782700000, 0x0000000782800000|  0%| F|  |TAMS 0x0000000782700000, 0x0000000782700000| Untracked 
|  40|0x0000000782800000, 0x0000000782800000, 0x0000000782900000|  0%| F|  |TAMS 0x0000000782800000, 0x0000000782800000| Untracked 
|  41|0x0000000782900000, 0x0000000782900000, 0x0000000782a00000|  0%| F|  |TAMS 0x0000000782900000, 0x0000000782900000| Untracked 
|  42|0x0000000782a00000, 0x0000000782a00000, 0x0000000782b00000|  0%| F|  |TAMS 0x0000000782a00000, 0x0000000782a00000| Untracked 
|  43|0x0000000782b00000, 0x0000000782b00000, 0x0000000782c00000|  0%| F|  |TAMS 0x0000000782b00000, 0x0000000782b00000| Untracked 
|  44|0x0000000782c00000, 0x0000000782c00000, 0x0000000782d00000|  0%| F|  |TAMS 0x0000000782c00000, 0x0000000782c00000| Untracked 
|  45|0x0000000782d00000, 0x0000000782d00000, 0x0000000782e00000|  0%| F|  |TAMS 0x0000000782d00000, 0x0000000782d00000| Untracked 
|  46|0x0000000782e00000, 0x0000000782e00000, 0x0000000782f00000|  0%| F|  |TAMS 0x0000000782e00000, 0x0000000782e00000| Untracked 
|  47|0x0000000782f00000, 0x0000000782f00000, 0x0000000783000000|  0%| F|  |TAMS 0x0000000782f00000, 0x0000000782f00000| Untracked 
|  48|0x0000000783000000, 0x0000000783000000, 0x0000000783100000|  0%| F|  |TAMS 0x0000000783000000, 0x0000000783000000| Untracked 
|  49|0x0000000783100000, 0x0000000783100000, 0x0000000783200000|  0%| F|  |TAMS 0x0000000783100000, 0x0000000783100000| Untracked 
|  50|0x0000000783200000, 0x0000000783200000, 0x0000000783300000|  0%| F|  |TAMS 0x0000000783200000, 0x0000000783200000| Untracked 
|  51|0x0000000783300000, 0x0000000783300000, 0x0000000783400000|  0%| F|  |TAMS 0x0000000783300000, 0x0000000783300000| Untracked 
|  52|0x0000000783400000, 0x0000000783400000, 0x0000000783500000|  0%| F|  |TAMS 0x0000000783400000, 0x0000000783400000| Untracked 
|  53|0x0000000783500000, 0x0000000783500000, 0x0000000783600000|  0%| F|  |TAMS 0x0000000783500000, 0x0000000783500000| Untracked 
|  54|0x0000000783600000, 0x0000000783600000, 0x0000000783700000|  0%| F|  |TAMS 0x0000000783600000, 0x0000000783600000| Untracked 
|  55|0x0000000783700000, 0x0000000783700000, 0x0000000783800000|  0%| F|  |TAMS 0x0000000783700000, 0x0000000783700000| Untracked 
|  56|0x0000000783800000, 0x0000000783800000, 0x0000000783900000|  0%| F|  |TAMS 0x0000000783800000, 0x0000000783800000| Untracked 
|  57|0x0000000783900000, 0x0000000783900000, 0x0000000783a00000|  0%| F|  |TAMS 0x0000000783900000, 0x0000000783900000| Untracked 
|  58|0x0000000783a00000, 0x0000000783a00000, 0x0000000783b00000|  0%| F|  |TAMS 0x0000000783a00000, 0x0000000783a00000| Untracked 
|  59|0x0000000783b00000, 0x0000000783b00000, 0x0000000783c00000|  0%| F|  |TAMS 0x0000000783b00000, 0x0000000783b00000| Untracked 
|  60|0x0000000783c00000, 0x0000000783c00000, 0x0000000783d00000|  0%| F|  |TAMS 0x0000000783c00000, 0x0000000783c00000| Untracked 
|  61|0x0000000783d00000, 0x0000000783d00000, 0x0000000783e00000|  0%| F|  |TAMS 0x0000000783d00000, 0x0000000783d00000| Untracked 
|  62|0x0000000783e00000, 0x0000000783e00000, 0x0000000783f00000|  0%| F|  |TAMS 0x0000000783e00000, 0x0000000783e00000| Untracked 
|  63|0x0000000783f00000, 0x0000000783f00000, 0x0000000784000000|  0%| F|  |TAMS 0x0000000783f00000, 0x0000000783f00000| Untracked 
|  64|0x0000000784000000, 0x0000000784000000, 0x0000000784100000|  0%| F|  |TAMS 0x0000000784000000, 0x0000000784000000| Untracked 
|  65|0x0000000784100000, 0x0000000784100000, 0x0000000784200000|  0%| F|  |TAMS 0x0000000784100000, 0x0000000784100000| Untracked 
|  66|0x0000000784200000, 0x0000000784200000, 0x0000000784300000|  0%| F|  |TAMS 0x0000000784200000, 0x0000000784200000| Untracked 
|  67|0x0000000784300000, 0x0000000784300000, 0x0000000784400000|  0%| F|  |TAMS 0x0000000784300000, 0x0000000784300000| Untracked 
|  68|0x0000000784400000, 0x0000000784400000, 0x0000000784500000|  0%| F|  |TAMS 0x0000000784400000, 0x0000000784400000| Untracked 
|  69|0x0000000784500000, 0x0000000784500000, 0x0000000784600000|  0%| F|  |TAMS 0x0000000784500000, 0x0000000784500000| Untracked 
|  70|0x0000000784600000, 0x0000000784600000, 0x0000000784700000|  0%| F|  |TAMS 0x0000000784600000, 0x0000000784600000| Untracked 
|  71|0x0000000784700000, 0x0000000784700000, 0x0000000784800000|  0%| F|  |TAMS 0x0000000784700000, 0x0000000784700000| Untracked 
|  72|0x0000000784800000, 0x0000000784800000, 0x0000000784900000|  0%| F|  |TAMS 0x0000000784800000, 0x0000000784800000| Untracked 
|  73|0x0000000784900000, 0x0000000784900000, 0x0000000784a00000|  0%| F|  |TAMS 0x0000000784900000, 0x0000000784900000| Untracked 
|  74|0x0000000784a00000, 0x0000000784a00000, 0x0000000784b00000|  0%| F|  |TAMS 0x0000000784a00000, 0x0000000784a00000| Untracked 
|  75|0x0000000784b00000, 0x0000000784b00000, 0x0000000784c00000|  0%| F|  |TAMS 0x0000000784b00000, 0x0000000784b00000| Untracked 
|  76|0x0000000784c00000, 0x0000000784c00000, 0x0000000784d00000|  0%| F|  |TAMS 0x0000000784c00000, 0x0000000784c00000| Untracked 
|  77|0x0000000784d00000, 0x0000000784d00000, 0x0000000784e00000|  0%| F|  |TAMS 0x0000000784d00000, 0x0000000784d00000| Untracked 
|  78|0x0000000784e00000, 0x0000000784e00000, 0x0000000784f00000|  0%| F|  |TAMS 0x0000000784e00000, 0x0000000784e00000| Untracked 
|  79|0x0000000784f00000, 0x0000000784f00000, 0x0000000785000000|  0%| F|  |TAMS 0x0000000784f00000, 0x0000000784f00000| Untracked 
|  80|0x0000000785000000, 0x0000000785000000, 0x0000000785100000|  0%| F|  |TAMS 0x0000000785000000, 0x0000000785000000| Untracked 
|  81|0x0000000785100000, 0x0000000785100000, 0x0000000785200000|  0%| F|  |TAMS 0x0000000785100000, 0x0000000785100000| Untracked 
|  82|0x0000000785200000, 0x0000000785200000, 0x0000000785300000|  0%| F|  |TAMS 0x0000000785200000, 0x0000000785200000| Untracked 
|  83|0x0000000785300000, 0x0000000785300000, 0x0000000785400000|  0%| F|  |TAMS 0x0000000785300000, 0x0000000785300000| Untracked 
|  84|0x0000000785400000, 0x0000000785400000, 0x0000000785500000|  0%| F|  |TAMS 0x0000000785400000, 0x0000000785400000| Untracked 
|  85|0x0000000785500000, 0x0000000785500000, 0x0000000785600000|  0%| F|  |TAMS 0x0000000785500000, 0x0000000785500000| Untracked 
|  86|0x0000000785600000, 0x0000000785600000, 0x0000000785700000|  0%| F|  |TAMS 0x0000000785600000, 0x0000000785600000| Untracked 
|  87|0x0000000785700000, 0x0000000785700000, 0x0000000785800000|  0%| F|  |TAMS 0x0000000785700000, 0x0000000785700000| Untracked 
|  88|0x0000000785800000, 0x0000000785800000, 0x0000000785900000|  0%| F|  |TAMS 0x0000000785800000, 0x0000000785800000| Untracked 
|  89|0x0000000785900000, 0x0000000785900000, 0x0000000785a00000|  0%| F|  |TAMS 0x0000000785900000, 0x0000000785900000| Untracked 
|  90|0x0000000785a00000, 0x0000000785a00000, 0x0000000785b00000|  0%| F|  |TAMS 0x0000000785a00000, 0x0000000785a00000| Untracked 
|  91|0x0000000785b00000, 0x0000000785b00000, 0x0000000785c00000|  0%| F|  |TAMS 0x0000000785b00000, 0x0000000785b00000| Untracked 
|  92|0x0000000785c00000, 0x0000000785c00000, 0x0000000785d00000|  0%| F|  |TAMS 0x0000000785c00000, 0x0000000785c00000| Untracked 
|  93|0x0000000785d00000, 0x0000000785d00000, 0x0000000785e00000|  0%| F|  |TAMS 0x0000000785d00000, 0x0000000785d00000| Untracked 
|  94|0x0000000785e00000, 0x0000000785e00000, 0x0000000785f00000|  0%| F|  |TAMS 0x0000000785e00000, 0x0000000785e00000| Untracked 
|  95|0x0000000785f00000, 0x0000000785f00000, 0x0000000786000000|  0%| F|  |TAMS 0x0000000785f00000, 0x0000000785f00000| Untracked 
|  96|0x0000000786000000, 0x0000000786000000, 0x0000000786100000|  0%| F|  |TAMS 0x0000000786000000, 0x0000000786000000| Untracked 
|  97|0x0000000786100000, 0x0000000786100000, 0x0000000786200000|  0%| F|  |TAMS 0x0000000786100000, 0x0000000786100000| Untracked 
|  98|0x0000000786200000, 0x0000000786200000, 0x0000000786300000|  0%| F|  |TAMS 0x0000000786200000, 0x0000000786200000| Untracked 
|  99|0x0000000786300000, 0x0000000786300000, 0x0000000786400000|  0%| F|  |TAMS 0x0000000786300000, 0x0000000786300000| Untracked 
| 100|0x0000000786400000, 0x0000000786400000, 0x0000000786500000|  0%| F|  |TAMS 0x0000000786400000, 0x0000000786400000| Untracked 
| 101|0x0000000786500000, 0x0000000786500000, 0x0000000786600000|  0%| F|  |TAMS 0x0000000786500000, 0x0000000786500000| Untracked 
| 102|0x0000000786600000, 0x0000000786600000, 0x0000000786700000|  0%| F|  |TAMS 0x0000000786600000, 0x0000000786600000| Untracked 
| 103|0x0000000786700000, 0x0000000786700000, 0x0000000786800000|  0%| F|  |TAMS 0x0000000786700000, 0x0000000786700000| Untracked 
| 104|0x0000000786800000, 0x0000000786800000, 0x0000000786900000|  0%| F|  |TAMS 0x0000000786800000, 0x0000000786800000| Untracked 
| 105|0x0000000786900000, 0x0000000786900000, 0x0000000786a00000|  0%| F|  |TAMS 0x0000000786900000, 0x0000000786900000| Untracked 
| 106|0x0000000786a00000, 0x0000000786a00000, 0x0000000786b00000|  0%| F|  |TAMS 0x0000000786a00000, 0x0000000786a00000| Untracked 
| 107|0x0000000786b00000, 0x0000000786b00000, 0x0000000786c00000|  0%| F|  |TAMS 0x0000000786b00000, 0x0000000786b00000| Untracked 
| 108|0x0000000786c00000, 0x0000000786c00000, 0x0000000786d00000|  0%| F|  |TAMS 0x0000000786c00000, 0x0000000786c00000| Untracked 
| 109|0x0000000786d00000, 0x0000000786d00000, 0x0000000786e00000|  0%| F|  |TAMS 0x0000000786d00000, 0x0000000786d00000| Untracked 
| 110|0x0000000786e00000, 0x0000000786e00000, 0x0000000786f00000|  0%| F|  |TAMS 0x0000000786e00000, 0x0000000786e00000| Untracked 
| 111|0x0000000786f00000, 0x0000000786f00000, 0x0000000787000000|  0%| F|  |TAMS 0x0000000786f00000, 0x0000000786f00000| Untracked 
| 112|0x0000000787000000, 0x0000000787000000, 0x0000000787100000|  0%| F|  |TAMS 0x0000000787000000, 0x0000000787000000| Untracked 
| 113|0x0000000787100000, 0x0000000787100000, 0x0000000787200000|  0%| F|  |TAMS 0x0000000787100000, 0x0000000787100000| Untracked 
| 114|0x0000000787200000, 0x0000000787200000, 0x0000000787300000|  0%| F|  |TAMS 0x0000000787200000, 0x0000000787200000| Untracked 
| 115|0x0000000787300000, 0x00000007873c8338, 0x0000000787400000| 78%| E|  |TAMS 0x0000000787300000, 0x0000000787300000| Complete 
| 116|0x0000000787400000, 0x0000000787500000, 0x0000000787500000|100%| E|CS|TAMS 0x0000000787400000, 0x0000000787400000| Complete 
| 117|0x0000000787500000, 0x0000000787600000, 0x0000000787600000|100%| E|CS|TAMS 0x0000000787500000, 0x0000000787500000| Complete 
| 118|0x0000000787600000, 0x0000000787700000, 0x0000000787700000|100%| E|CS|TAMS 0x0000000787600000, 0x0000000787600000| Complete 
| 119|0x0000000787700000, 0x0000000787800000, 0x0000000787800000|100%| E|CS|TAMS 0x0000000787700000, 0x0000000787700000| Complete 
| 120|0x0000000787800000, 0x0000000787900000, 0x0000000787900000|100%| E|CS|TAMS 0x0000000787800000, 0x0000000787800000| Complete 
| 121|0x0000000787900000, 0x0000000787a00000, 0x0000000787a00000|100%| E|CS|TAMS 0x0000000787900000, 0x0000000787900000| Complete 
| 122|0x0000000787a00000, 0x0000000787b00000, 0x0000000787b00000|100%| E|CS|TAMS 0x0000000787a00000, 0x0000000787a00000| Complete 
| 123|0x0000000787b00000, 0x0000000787c00000, 0x0000000787c00000|100%| E|CS|TAMS 0x0000000787b00000, 0x0000000787b00000| Complete 
| 124|0x0000000787c00000, 0x0000000787d00000, 0x0000000787d00000|100%| E|CS|TAMS 0x0000000787c00000, 0x0000000787c00000| Complete 
| 125|0x0000000787d00000, 0x0000000787e00000, 0x0000000787e00000|100%| E|CS|TAMS 0x0000000787d00000, 0x0000000787d00000| Complete 
| 126|0x0000000787e00000, 0x0000000787f00000, 0x0000000787f00000|100%| E|CS|TAMS 0x0000000787e00000, 0x0000000787e00000| Complete 
| 127|0x0000000787f00000, 0x0000000788000000, 0x0000000788000000|100%| E|CS|TAMS 0x0000000787f00000, 0x0000000787f00000| Complete 
|2046|0x00000007ffe00000, 0x00000007ffe76000, 0x00000007fff00000| 46%|OA|  |TAMS 0x00000007ffe00000, 0x00000007ffe00000| Untracked 
|2047|0x00000007fff00000, 0x00000007fff7f000, 0x0000000800000000| 49%|CA|  |TAMS 0x00000007fff00000, 0x00000007fff00000| Untracked 

Card table byte_map: [0x000000010105f000,0x000000010145f000] _byte_map_base: 0x00000000fd45f000

Marking Bits (Prev, Next): (CMBitMap*) 0x00007fea51808610, (CMBitMap*) 0x00007fea51808650
 Prev Bits: [0x0000000102c63000, 0x0000000104c63000)
 Next Bits: [0x0000000104c63000, 0x0000000106c63000)

Polling page: 0x00000001009bb000

Metaspace:

Usage:
  Non-class:      3.05 MB used.
      Class:    381.48 KB used.
       Both:      3.43 MB used.

Virtual space:
  Non-class space:        8.00 MB reserved,       3.19 MB ( 40%) committed,  1 nodes.
      Class space:        1.00 GB reserved,     512.00 KB ( <1%) committed,  1 nodes.
             Both:        1.01 GB reserved,       3.69 MB ( <1%) committed. 

Chunk freelists:
   Non-Class:  2.86 MB
       Class:  3.55 MB
        Both:  6.41 MB

MaxMetaspaceSize: unlimited
CompressedClassSpaceSize: 1.00 GB
Initial GC threshold: 21.00 MB
Current GC threshold: 21.00 MB
CDS: on
MetaspaceReclaimPolicy: balanced
 - commit_granule_bytes: 65536.
 - commit_granule_words: 8192.
 - virtual_space_node_default_size: 1048576.
 - enlarge_chunks_in_place: 1.
 - new_chunks_are_fully_committed: 0.
 - uncommit_free_chunks: 1.
 - use_allocation_guard: 0.
 - handle_deallocations: 1.


Internal statistics:

num_allocs_failed_limit: 0.
num_arena_births: 76.
num_arena_deaths: 0.
num_vsnodes_births: 2.
num_vsnodes_deaths: 0.
num_space_committed: 59.
num_space_uncommitted: 0.
num_chunks_returned_to_freelist: 0.
num_chunks_taken_from_freelist: 142.
num_chunk_merges: 0.
num_chunk_splits: 97.
num_chunks_enlarged: 71.
num_purges: 0.
num_inconsistent_stats: 0.

CodeHeap 'non-profiled nmethods': size=120032Kb used=229Kb max_used=229Kb free=119802Kb
 bounds [0x00000001166eb000, 0x000000011695b000, 0x000000011dc23000]
CodeHeap 'profiled nmethods': size=120028Kb used=1004Kb max_used=1004Kb free=119023Kb
 bounds [0x000000010f1b4000, 0x000000010f424000, 0x00000001166eb000]
CodeHeap 'non-nmethods': size=5700Kb used=1179Kb max_used=1195Kb free=4520Kb
 bounds [0x000000010ec23000, 0x000000010ee93000, 0x000000010f1b4000]
 total_blobs=1165 nmethods=682 adapters=397
 compilation: enabled
              stopped_count=0, restarted_count=0
 full_count=0

Compilation events (20 events):
Event: 1.620 Thread 0x00007fea5180c600  676       4       sun.security.provider.MD5::implCompress0 (1407 bytes)
Event: 1.634 Thread 0x00007fea51896800  677       3       java.io.FilterInputStream::read (9 bytes)
Event: 1.634 Thread 0x00007fea51896800 nmethod 677 0x000000010f2a9e10 code [0x000000010f2a9fc0, 0x000000010f2aa1a0]
Event: 1.658 Thread 0x00007fea5180c600 nmethod 676 0x0000000116723390 code [0x0000000116723520, 0x0000000116724218]
Event: 1.684 Thread 0x00007fea51896800  678       3       sun.invoke.util.VerifyAccess::isSamePackage (37 bytes)
Event: 1.686 Thread 0x00007fea51896800 nmethod 678 0x000000010f2aa290 code [0x000000010f2aa5a0, 0x000000010f2aba10]
Event: 1.686 Thread 0x00007fea51896800  680       3       jdk.internal.org.objectweb.asm.ByteVector::putByteArray (49 bytes)
Event: 1.687 Thread 0x00007fea51896800 nmethod 680 0x000000010f2ac010 code [0x000000010f2ac1c0, 0x000000010f2ac490]
Event: 1.687 Thread 0x00007fea51896800  679       3       jdk.internal.org.objectweb.asm.Label::resolve (219 bytes)
Event: 1.687 Thread 0x00007fea51896800 nmethod 679 0x000000010f2ac590 code [0x000000010f2ac780, 0x000000010f2accb0]
Event: 1.691 Thread 0x00007fea51896800  681       3       jdk.internal.org.objectweb.asm.Handler::getExceptionTableSize (10 bytes)
Event: 1.695 Thread 0x00007fea51896800 nmethod 681 0x000000010f2acf90 code [0x000000010f2ad140, 0x000000010f2ad330]
Event: 2.012 Thread 0x00007fea51896800  682       3       jdk.internal.org.objectweb.asm.MethodWriter::visitInsn (115 bytes)
Event: 2.015 Thread 0x00007fea51896800 nmethod 682 0x000000010f2ad490 code [0x000000010f2ad680, 0x000000010f2adaa0]
Event: 2.016 Thread 0x00007fea51896800  683       3       jdk.internal.org.objectweb.asm.MethodVisitor::<init> (88 bytes)
Event: 2.018 Thread 0x00007fea51896800 nmethod 683 0x000000010f2adc10 code [0x000000010f2ade60, 0x000000010f2ae740]
Event: 2.269 Thread 0x00007fea51896800  684       3       java.lang.StringLatin1::inflate (34 bytes)
Event: 2.270 Thread 0x00007fea51896800 nmethod 684 0x000000010f2aea10 code [0x000000010f2aebc0, 0x000000010f2aedb0]
Event: 2.270 Thread 0x00007fea51896800  685       3       java.util.Collections$UnmodifiableCollection$1::hasNext (10 bytes)
Event: 2.270 Thread 0x00007fea51896800 nmethod 685 0x000000010f2aef10 code [0x000000010f2af0c0, 0x000000010f2af2a0]

GC Heap History (0 events):
No events

Deoptimization events (20 events):
Event: 0.797 Thread 0x00007fea52809400 DEOPT PACKING pc=0x00000001166fbc7c sp=0x0000700006a732c0
Event: 0.797 Thread 0x00007fea52809400 DEOPT UNPACKING pc=0x000000010ec75099 sp=0x0000700006a73270 mode 2
Event: 0.797 Thread 0x00007fea52809400 Uncommon trap: trap_request=0xffffff45 fr.pc=0x00000001166f90f0 relative=0x00000000000003d0
Event: 0.797 Thread 0x00007fea52809400 Uncommon trap: reason=unstable_if action=reinterpret pc=0x00000001166f90f0 method=java.lang.StringLatin1.newString([BII)Ljava/lang/String; @ 1 c2
Event: 0.797 Thread 0x00007fea52809400 DEOPT PACKING pc=0x00000001166f90f0 sp=0x0000700006a73290
Event: 0.797 Thread 0x00007fea52809400 DEOPT UNPACKING pc=0x000000010ec75099 sp=0x0000700006a73270 mode 2
Event: 0.893 Thread 0x00007fea52809400 Uncommon trap: trap_request=0xfffffff4 fr.pc=0x00000001166fc748 relative=0x00000000000001a8
Event: 0.893 Thread 0x00007fea52809400 Uncommon trap: reason=null_check action=make_not_entrant pc=0x00000001166fc748 method=java.lang.String.equals(Ljava/lang/Object;)Z @ 8 c2
Event: 0.893 Thread 0x00007fea52809400 DEOPT PACKING pc=0x00000001166fc748 sp=0x0000700006a72670
Event: 0.893 Thread 0x00007fea52809400 DEOPT UNPACKING pc=0x000000010ec75099 sp=0x0000700006a72638 mode 2
Event: 0.965 Thread 0x00007fea52809400 DEOPT PACKING pc=0x000000010f1bb2ce sp=0x0000700006a72300
Event: 0.965 Thread 0x00007fea52809400 DEOPT UNPACKING pc=0x000000010ec7582f sp=0x0000700006a71798 mode 0
Event: 1.331 Thread 0x00007fea5183b400 Uncommon trap: trap_request=0xffffff45 fr.pc=0x00000001166f8918 relative=0x00000000000000f8
Event: 1.331 Thread 0x00007fea5183b400 Uncommon trap: reason=unstable_if action=reinterpret pc=0x00000001166f8918 method=java.lang.StringLatin1.lastIndexOf([BI[BII)I @ 86 c2
Event: 1.331 Thread 0x00007fea5183b400 DEOPT PACKING pc=0x00000001166f8918 sp=0x0000700007eb1ac0
Event: 1.331 Thread 0x00007fea5183b400 DEOPT UNPACKING pc=0x000000010ec75099 sp=0x0000700007eb1a38 mode 2
Event: 1.333 Thread 0x00007fea51839e00 Uncommon trap: trap_request=0xffffff45 fr.pc=0x00000001166f7728 relative=0x0000000000000668
Event: 1.333 Thread 0x00007fea51839e00 Uncommon trap: reason=unstable_if action=reinterpret pc=0x00000001166f7728 method=jdk.internal.module.Checks.isJavaIdentifier(Ljava/lang/String;)Z @ 4 c2
Event: 1.333 Thread 0x00007fea51839e00 DEOPT PACKING pc=0x00000001166f7728 sp=0x0000700007fb4d90
Event: 1.333 Thread 0x00007fea51839e00 DEOPT UNPACKING pc=0x000000010ec75099 sp=0x0000700007fb4d50 mode 2

Classes unloaded (0 events):
No events

Classes redefined (0 events):
No events

Internal exceptions (11 events):
Event: 0.460 Thread 0x00007fea52809400 Exception <a 'java/lang/NoSuchMethodError'{0x0000000787eab6d0}: 'void java.lang.invoke.DirectMethodHandle$Holder.invokeSpecial(java.lang.Object, java.lang.Object, java.lang.Object)'> (0x0000000787eab6d0) 
thrown [src/hotspot/share/interpreter/linkResolver.cpp, line 766]
Event: 0.588 Thread 0x00007fea52809400 Exception <a 'java/lang/NoSuchMethodError'{0x0000000787d39a30}: 'void java.lang.invoke.DirectMethodHandle$Holder.invokeVirtual(java.lang.Object, java.lang.Object)'> (0x0000000787d39a30) 
thrown [src/hotspot/share/interpreter/linkResolver.cpp, line 766]
Event: 0.893 Thread 0x00007fea52809400 Implicit null exception at 0x00000001166fc5d5 to 0x00000001166fc738
Event: 0.946 Thread 0x00007fea50854400 Exception <a 'java/lang/NoSuchMethodError'{0x0000000787a45ef8}: 'java.lang.Object java.lang.invoke.DirectMethodHandle$Holder.invokeStaticInit(java.lang.Object)'> (0x0000000787a45ef8) 
thrown [src/hotspot/share/interpreter/linkResolver.cpp, line 766]
Event: 0.955 Thread 0x00007fea50854400 Exception <a 'java/lang/ClassNotFoundException'{0x0000000787a50e18}: jdk/net/ExtendedSocketOptions> (0x0000000787a50e18) 
thrown [src/hotspot/share/classfile/systemDictionary.cpp, line 256]
Event: 0.961 Thread 0x00007fea50854400 Exception <a 'java/lang/NoSuchMethodError'{0x0000000787a52670}: 'void java.lang.invoke.DirectMethodHandle$Holder.invokeStatic(java.lang.Object, java.lang.Object)'> (0x0000000787a52670) 
thrown [src/hotspot/share/interpreter/linkResolver.cpp, line 766]
Event: 1.264 Thread 0x00007fea52809400 Exception <a 'java/lang/NoSuchMethodError'{0x00000007877a0d40}: 'void java.lang.invoke.DirectMethodHandle$Holder.invokeStatic(java.lang.Object, java.lang.Object, java.lang.Object)'> (0x00000007877a0d40) 
thrown [src/hotspot/share/interpreter/linkResolver.cpp, line 766]
Event: 1.580 Thread 0x00007fea52809400 Exception <a 'java/lang/NoSuchMethodError'{0x00000007877bd818}: 'int java.lang.invoke.DirectMethodHandle$Holder.invokeStaticInit(java.lang.Object, java.lang.Object, java.lang.Object)'> (0x00000007877bd818) 
thrown [src/hotspot/share/interpreter/linkResolver.cpp, line 766]
Event: 2.260 Thread 0x00007fea52020400 Exception <a 'java/lang/ClassCastException'{0x000000078730b450}> (0x000000078730b450) 
thrown [src/hotspot/share/runtime/sharedRuntime.cpp, line 628]
Event: 2.260 Thread 0x00007fea52020400 Exception <a 'java/lang/BootstrapMethodError'{0x000000078730b720}> (0x000000078730b720) 
thrown [src/hotspot/share/utilities/exceptions.cpp, line 452]
Event: 2.260 Thread 0x00007fea52020400 Exception <a 'java/lang/BootstrapMethodError'{0x000000078730b720}> (0x000000078730b720) 
thrown [src/hotspot/share/oops/instanceKlass.cpp, line 1163]

VM Operations (12 events):
Event: 0.777 Executing VM operation: HandshakeAllThreads
Event: 0.777 Executing VM operation: HandshakeAllThreads done
Event: 0.777 Executing VM operation: HandshakeAllThreads
Event: 0.777 Executing VM operation: HandshakeAllThreads done
Event: 0.941 Executing VM operation: HandshakeAllThreads
Event: 0.941 Executing VM operation: HandshakeAllThreads done
Event: 1.188 Executing VM operation: Cleanup
Event: 1.189 Executing VM operation: Cleanup done
Event: 2.193 Executing VM operation: Cleanup
Event: 2.193 Executing VM operation: Cleanup done
Event: 3.193 Executing VM operation: Cleanup
Event: 3.193 Executing VM operation: Cleanup done

Events (20 events):
Event: 1.692 Protecting memory [0x00007ff7bee80000,0x00007ff7bee84000] with protection modes 0
Event: 1.692 Thread 0x00007fea52020400 Thread added: 0x00007fea52020400
Event: 1.987 Thread 0x00007fea52210000 Thread added: 0x00007fea52210000
Event: 1.988 Protecting memory [0x000070000813f000,0x0000700008143000] with protection modes 0
Event: 2.254 loading class java/util/concurrent/LinkedBlockingDeque$Node
Event: 2.254 loading class java/util/concurrent/LinkedBlockingDeque$Node done
Event: 2.254 Protecting memory [0x000070000813f000,0x0000700008143000] with protection modes 3
Event: 2.254 Thread 0x00007fea52210000 Thread exited: 0x00007fea52210000
Event: 2.260 loading class java/lang/Throwable$WrappedPrintStream
Event: 2.260 loading class java/lang/Throwable$PrintStreamOrWriter
Event: 2.260 loading class java/lang/Throwable$PrintStreamOrWriter done
Event: 2.260 loading class java/lang/Throwable$WrappedPrintStream done
Event: 2.261 loading class java/lang/StackTraceElement$HashedModules
Event: 2.261 loading class java/lang/StackTraceElement$HashedModules done
Event: 1182.599 loading class jdk/internal/misc/Signal$1
Event: 1182.606 loading class jdk/internal/misc/Signal$1 done
Event: 1182.612 Thread 0x00007fea52209e00 Thread added: 0x00007fea52209e00
Event: 1182.612 Protecting memory [0x00007000081c2000,0x00007000081c6000] with protection modes 0
Event: 1182.619 Thread 0x00007fea518fb000 Thread added: 0x00007fea518fb000
Event: 1182.619 Protecting memory [0x00007000082c5000,0x00007000082c9000] with protection modes 0


Dynamic libraries:
0x000000010099d000 	/Library/Java/JavaVirtualMachines/temurin-17.jdk/Contents/Home/lib/libjli.dylib
0x00007ff81c1a1000 	/usr/lib/libz.1.dylib
0x00007ff81c281000 	/usr/lib/libSystem.B.dylib
0x00007ff81c27c000 	/usr/lib/system/libcache.dylib
0x00007ff81c238000 	/usr/lib/system/libcommonCrypto.dylib
0x00007ff81c261000 	/usr/lib/system/libcompiler_rt.dylib
0x00007ff81c257000 	/usr/lib/system/libcopyfile.dylib
0x00007ff811218000 	/usr/lib/system/libcorecrypto.dylib
0x00007ff8112d6000 	/usr/lib/system/libdispatch.dylib
0x00007ff811496000 	/usr/lib/system/libdyld.dylib
0x00007ff81c273000 	/usr/lib/system/libkeymgr.dylib
0x00007ff81c216000 	/usr/lib/system/libmacho.dylib
0x00007ff81b897000 	/usr/lib/system/libquarantine.dylib
0x00007ff81c271000 	/usr/lib/system/libremovefile.dylib
0x00007ff81642d000 	/usr/lib/system/libsystem_asl.dylib
0x00007ff8111c1000 	/usr/lib/system/libsystem_blocks.dylib
0x00007ff81135a000 	/usr/lib/system/libsystem_c.dylib
0x00007ff81c269000 	/usr/lib/system/libsystem_collections.dylib
0x00007ff81ab4b000 	/usr/lib/system/libsystem_configuration.dylib
0x00007ff819df8000 	/usr/lib/system/libsystem_containermanager.dylib
0x00007ff81bf4e000 	/usr/lib/system/libsystem_coreservices.dylib
0x00007ff813ad1000 	/usr/lib/system/libsystem_darwin.dylib
0x00007ff81c274000 	/usr/lib/system/libsystem_dnssd.dylib
0x00007ff811357000 	/usr/lib/system/libsystem_featureflags.dylib
0x00007ff8114ac000 	/usr/lib/system/libsystem_info.dylib
0x00007ff81c1b4000 	/usr/lib/system/libsystem_m.dylib
0x00007ff8112aa000 	/usr/lib/system/libsystem_malloc.dylib
0x00007ff8163c8000 	/usr/lib/system/libsystem_networkextension.dylib
0x00007ff813ef7000 	/usr/lib/system/libsystem_notify.dylib
0x00007ff8224ed000 	/usr/lib/system/libsystem_product_info_filter.dylib
0x00007ff81ab4f000 	/usr/lib/system/libsystem_sandbox.dylib
0x00007ff81c26e000 	/usr/lib/system/libsystem_secinit.dylib
0x00007ff811452000 	/usr/lib/system/libsystem_kernel.dylib
0x00007ff8114a2000 	/usr/lib/system/libsystem_platform.dylib
0x00007ff81148a000 	/usr/lib/system/libsystem_pthread.dylib
0x00007ff817c79000 	/usr/lib/system/libsystem_symptoms.dylib
0x00007ff8111ff000 	/usr/lib/system/libsystem_trace.dylib
0x00007ff81c244000 	/usr/lib/system/libunwind.dylib
0x00007ff8111c3000 	/usr/lib/system/libxpc.dylib
0x00007ff81143c000 	/usr/lib/libc++abi.dylib
0x00007ff81131d000 	/usr/lib/libobjc.A.dylib
0x00007ff81c24f000 	/usr/lib/liboah.dylib
0x00007ff8113e3000 	/usr/lib/libc++.1.dylib
0x00007ff8282ec000 	/System/Library/Frameworks/Cocoa.framework/Versions/A/Cocoa
0x00007ff813f55000 	/System/Library/Frameworks/AppKit.framework/Versions/C/AppKit
0x00007ff817468000 	/System/Library/Frameworks/CoreData.framework/Versions/A/CoreData
0x00007ff812359000 	/System/Library/Frameworks/Foundation.framework/Versions/C/Foundation
0x00007ff814de4000 	/System/Library/PrivateFrameworks/UIFoundation.framework/Versions/A/UIFoundation
0x00007ff8221f0000 	/System/Library/PrivateFrameworks/RemoteViewServices.framework/Versions/A/RemoteViewServices
0x00007ff81a4d6000 	/System/Library/PrivateFrameworks/XCTTargetBootstrap.framework/Versions/A/XCTTargetBootstrap
0x00007ff81e088000 	/System/Library/PrivateFrameworks/InternationalSupport.framework/Versions/A/InternationalSupport
0x00007ff81e112000 	/System/Library/PrivateFrameworks/UserActivity.framework/Versions/A/UserActivity
0x00007ff81d468000 	/usr/lib/libspindump.dylib
0x00007ff815072000 	/System/Library/Frameworks/UniformTypeIdentifiers.framework/Versions/A/UniformTypeIdentifiers
0x00007ff818bfe000 	/usr/lib/libapp_launch_measurement.dylib
0x00007ff817e39000 	/System/Library/PrivateFrameworks/CoreAnalytics.framework/Versions/A/CoreAnalytics
0x00007ff818c01000 	/System/Library/PrivateFrameworks/CoreAutoLayout.framework/Versions/A/CoreAutoLayout
0x00007ff819e30000 	/System/Library/Frameworks/Metal.framework/Versions/A/Metal
0x00007ff81ab5b000 	/usr/lib/liblangid.dylib
0x00007ff81a4db000 	/System/Library/PrivateFrameworks/CoreSVG.framework/Versions/A/CoreSVG
0x00007ff81645d000 	/System/Library/PrivateFrameworks/SkyLight.framework/Versions/A/SkyLight
0x00007ff8167fb000 	/System/Library/Frameworks/CoreGraphics.framework/Versions/A/CoreGraphics
0x00007ff8228b0000 	/System/Library/Frameworks/Accelerate.framework/Versions/A/Accelerate
0x00007ff81cee7000 	/System/Library/PrivateFrameworks/IconServices.framework/Versions/A/IconServices
0x00007ff819e15000 	/System/Library/Frameworks/IOSurface.framework/Versions/A/IOSurface
0x00007ff817e67000 	/usr/lib/libDiagnosticMessagesClient.dylib
0x00007ff825f90000 	/System/Library/Frameworks/ApplicationServices.framework/Versions/A/ApplicationServices
0x00007ff81a4c2000 	/System/Library/PrivateFrameworks/DFRFoundation.framework/Versions/A/DFRFoundation
0x00007ff81383d000 	/usr/lib/libicucore.A.dylib
0x00007ff81ee7d000 	/System/Library/Frameworks/AudioToolbox.framework/Versions/A/AudioToolbox
0x00007ff81e094000 	/System/Library/PrivateFrameworks/DataDetectorsCore.framework/Versions/A/DataDetectorsCore
0x00007ff91a57b000 	/System/Library/PrivateFrameworks/TextInput.framework/Versions/A/TextInput
0x00007ff8163e0000 	/usr/lib/libMobileGestalt.dylib
0x00007ff81a1ce000 	/System/Library/Frameworks/Carbon.framework/Versions/A/Frameworks/HIToolbox.framework/Versions/A/HIToolbox
0x00007ff818604000 	/System/Library/Frameworks/QuartzCore.framework/Versions/A/QuartzCore
0x00007ff8134e2000 	/System/Library/Frameworks/Security.framework/Versions/A/Security
0x00007ff822228000 	/System/Library/Frameworks/Carbon.framework/Versions/A/Frameworks/SpeechRecognition.framework/Versions/A/SpeechRecognition
0x00007ff81895e000 	/System/Library/PrivateFrameworks/CoreUI.framework/Versions/A/CoreUI
0x00007ff812dad000 	/System/Library/Frameworks/CoreAudio.framework/Versions/A/CoreAudio
0x00007ff817f56000 	/System/Library/Frameworks/DiskArbitration.framework/Versions/A/DiskArbitration
0x00007ff81d856000 	/System/Library/PrivateFrameworks/MultitouchSupport.framework/Versions/A/MultitouchSupport
0x00007ff8163df000 	/usr/lib/libenergytrace.dylib
0x00007ff813e41000 	/System/Library/Frameworks/IOKit.framework/Versions/A/IOKit
0x00007ff822618000 	/System/Library/Frameworks/CoreServices.framework/Versions/A/CoreServices
0x00007ff818b98000 	/System/Library/PrivateFrameworks/PerformanceAnalysis.framework/Versions/A/PerformanceAnalysis
0x00007ffa2a260000 	/System/Library/Frameworks/OpenGL.framework/Versions/A/OpenGL
0x00007ff81b7bd000 	/System/Library/PrivateFrameworks/MobileKeyBag.framework/Versions/A/MobileKeyBag
0x00007ff816ec7000 	/System/Library/Frameworks/ColorSync.framework/Versions/A/ColorSync
0x00007ff8114d7000 	/System/Library/Frameworks/CoreFoundation.framework/Versions/A/CoreFoundation
0x00007ff81a751000 	/System/Library/Frameworks/CoreImage.framework/Versions/A/CoreImage
0x00007ff812bc1000 	/System/Library/Frameworks/CoreText.framework/Versions/A/CoreText
0x00007ff81a50b000 	/System/Library/Frameworks/ImageIO.framework/Versions/A/ImageIO
0x00007ff81c287000 	/System/Library/PrivateFrameworks/SoftLinking.framework/Versions/A/SoftLinking
0x00007ff818c49000 	/usr/lib/libxml2.2.dylib
0x00007ff81c50b000 	/usr/lib/libcompression.dylib
0x00007ff81dfbb000 	/System/Library/PrivateFrameworks/TextureIO.framework/Versions/A/TextureIO
0x00007ff81cbf9000 	/usr/lib/libate.dylib
0x00007ff81c9d5000 	/usr/lib/liblzma.5.dylib
0x00007ff812068000 	/System/Library/Frameworks/SystemConfiguration.framework/Versions/A/SystemConfiguration
0x00007ff81c283000 	/usr/lib/libfakelink.dylib
0x00007ff815f39000 	/System/Library/Frameworks/CFNetwork.framework/Versions/A/CFNetwork
0x00007ff81c3c4000 	/usr/lib/libarchive.2.dylib
0x00007ff81ab57000 	/System/Library/PrivateFrameworks/AppleSystemInfo.framework/Versions/A/AppleSystemInfo
0x00007ff81b8be000 	/usr/lib/libbsm.0.dylib
0x00007ff815548000 	/usr/lib/libnetwork.dylib
0x00007ff81c21c000 	/usr/lib/system/libkxld.dylib
0x00007ff81b4f1000 	/System/Library/PrivateFrameworks/IOMobileFramebuffer.framework/Versions/A/IOMobileFramebuffer
0x00007ffb29634000 	/usr/lib/libCoreEntitlements.dylib
0x00007ff81bf30000 	/System/Library/PrivateFrameworks/AppleFSCompression.framework/Versions/A/AppleFSCompression
0x00007ff81b8a6000 	/usr/lib/libcoretls.dylib
0x00007ff81c9ef000 	/usr/lib/libcoretls_cfhelpers.dylib
0x00007ff81c506000 	/usr/lib/libpam.2.dylib
0x00007ff817899000 	/usr/lib/libsqlite3.dylib
0x00007ff81ca5e000 	/usr/lib/libxar.1.dylib
0x00007ff81bf40000 	/usr/lib/libbz2.1.0.dylib
0x00007ff81c288000 	/usr/lib/libpcap.A.dylib
0x00007ff817c71000 	/usr/lib/libdns_services.dylib
0x00007ff81c4d6000 	/usr/lib/libapple_nghttp2.dylib
0x00007ff81c2c2000 	/usr/lib/libiconv.2.dylib
0x00007ff81c215000 	/usr/lib/libcharset.1.dylib
0x00007ff818bcc000 	/System/Library/Frameworks/CoreServices.framework/Versions/A/Frameworks/FSEvents.framework/Versions/A/FSEvents
0x00007ff813adb000 	/System/Library/Frameworks/CoreServices.framework/Versions/A/Frameworks/CarbonCore.framework/Versions/A/CarbonCore
0x00007ff817eba000 	/System/Library/Frameworks/CoreServices.framework/Versions/A/Frameworks/Metadata.framework/Versions/A/Metadata
0x00007ff81bf53000 	/System/Library/Frameworks/CoreServices.framework/Versions/A/Frameworks/OSServices.framework/Versions/A/OSServices
0x00007ff81c44b000 	/System/Library/Frameworks/CoreServices.framework/Versions/A/Frameworks/SearchKit.framework/Versions/A/SearchKit
0x00007ff817c04000 	/System/Library/Frameworks/CoreServices.framework/Versions/A/Frameworks/AE.framework/Versions/A/AE
0x00007ff8119da000 	/System/Library/Frameworks/CoreServices.framework/Versions/A/Frameworks/LaunchServices.framework/Versions/A/LaunchServices
0x00007ff81c986000 	/System/Library/Frameworks/CoreServices.framework/Versions/A/Frameworks/DictionaryServices.framework/Versions/A/DictionaryServices
0x00007ff818bd9000 	/System/Library/Frameworks/CoreServices.framework/Versions/A/Frameworks/SharedFileList.framework/Versions/A/SharedFileList
0x00007ff81b89a000 	/usr/lib/libCheckFix.dylib
0x00007ff816444000 	/System/Library/PrivateFrameworks/TCC.framework/Versions/A/TCC
0x00007ff81ab5d000 	/System/Library/PrivateFrameworks/CoreNLP.framework/Versions/A/CoreNLP
0x00007ff817e6a000 	/System/Library/PrivateFrameworks/MetadataUtilities.framework/Versions/A/MetadataUtilities
0x00007ff81211c000 	/usr/lib/libmecabra.dylib
0x00007ff81b8ce000 	/usr/lib/libmecab.dylib
0x00007ff8120e7000 	/usr/lib/libCRFSuite.dylib
0x00007ff81b928000 	/usr/lib/libgermantok.dylib
0x00007ff81c4b1000 	/usr/lib/libThaiTokenizer.dylib
0x00007ff817f5d000 	/System/Library/Frameworks/Accelerate.framework/Versions/A/Frameworks/vImage.framework/Versions/A/vImage
0x00007ff8225ef000 	/System/Library/Frameworks/Accelerate.framework/Versions/A/Frameworks/vecLib.framework/Versions/A/vecLib
0x00007ff81ca9f000 	/System/Library/Frameworks/Accelerate.framework/Versions/A/Frameworks/vecLib.framework/Versions/A/libvMisc.dylib
0x00007ff81b31c000 	/System/Library/Frameworks/Accelerate.framework/Versions/A/Frameworks/vecLib.framework/Versions/A/libvDSP.dylib
0x00007ff811d58000 	/System/Library/Frameworks/Accelerate.framework/Versions/A/Frameworks/vecLib.framework/Versions/A/libBLAS.dylib
0x00007ff81c5e8000 	/System/Library/Frameworks/Accelerate.framework/Versions/A/Frameworks/vecLib.framework/Versions/A/libLAPACK.dylib
0x00007ff81b92b000 	/System/Library/Frameworks/Accelerate.framework/Versions/A/Frameworks/vecLib.framework/Versions/A/libLinearAlgebra.dylib
0x00007ff81c4ee000 	/System/Library/Frameworks/Accelerate.framework/Versions/A/Frameworks/vecLib.framework/Versions/A/libSparseBLAS.dylib
0x00007ff81c5e2000 	/System/Library/Frameworks/Accelerate.framework/Versions/A/Frameworks/vecLib.framework/Versions/A/libQuadrature.dylib
0x00007ff81ac48000 	/System/Library/Frameworks/Accelerate.framework/Versions/A/Frameworks/vecLib.framework/Versions/A/libBNNS.dylib
0x00007ff811ff2000 	/System/Library/Frameworks/Accelerate.framework/Versions/A/Frameworks/vecLib.framework/Versions/A/libSparse.dylib
0x00007ff81ac41000 	/System/Library/PrivateFrameworks/LinguisticData.framework/Versions/A/LinguisticData
0x00007ff811fa8000 	/System/Library/PrivateFrameworks/Lexicon.framework/Versions/A/Lexicon
0x00007ff81ca98000 	/usr/lib/libChineseTokenizer.dylib
0x00007ff812716000 	/System/Library/PrivateFrameworks/LanguageModeling.framework/Versions/A/LanguageModeling
0x00007ff81c4b3000 	/System/Library/PrivateFrameworks/AppleSauce.framework/Versions/A/AppleSauce
0x00007ff81b4df000 	/System/Library/PrivateFrameworks/CoreEmoji.framework/Versions/A/CoreEmoji
0x00007ff81c3b3000 	/usr/lib/libcmph.dylib
0x00007ff818bb0000 	/System/Library/Frameworks/OpenDirectory.framework/Versions/A/Frameworks/CFOpenDirectory.framework/Versions/A/CFOpenDirectory
0x00007ff818ba4000 	/System/Library/Frameworks/OpenDirectory.framework/Versions/A/OpenDirectory
0x00007ff81c9f1000 	/System/Library/PrivateFrameworks/APFS.framework/Versions/A/APFS
0x00007ff81b7f5000 	/System/Library/Frameworks/SecurityFoundation.framework/Versions/A/SecurityFoundation
0x00007ff81ca6c000 	/usr/lib/libutil.dylib
0x00007ff813e05000 	/System/Library/PrivateFrameworks/CoreServicesStore.framework/Versions/A/CoreServicesStore
0x00007ff81ca70000 	/usr/lib/libxslt.1.dylib
0x00007ff81b882000 	/System/Library/PrivateFrameworks/BackgroundTaskManagement.framework/Versions/A/BackgroundTaskManagement
0x00007ff81dedb000 	/System/Library/Frameworks/ImageIO.framework/Versions/A/Resources/libRadiance.dylib
0x00007ff81dee4000 	/System/Library/Frameworks/ImageIO.framework/Versions/A/Resources/libJPEG.dylib
0x00007ff81de35000 	/System/Library/Frameworks/ImageIO.framework/Versions/A/Resources/libPng.dylib
0x00007ff81de56000 	/System/Library/Frameworks/ImageIO.framework/Versions/A/Resources/libTIFF.dylib
0x00007ff81df44000 	/System/Library/Frameworks/ImageIO.framework/Versions/A/Resources/libGIF.dylib
0x00007ff81d770000 	/System/Library/Frameworks/ImageIO.framework/Versions/A/Resources/libJP2.dylib
0x00007ff81ceae000 	/usr/lib/libexpat.1.dylib
0x00007ff81d725000 	/System/Library/PrivateFrameworks/AppleJPEG.framework/Versions/A/AppleJPEG
0x00007ff81a092000 	/System/Library/PrivateFrameworks/FontServices.framework/libFontParser.dylib
0x00007ff817bae000 	/System/Library/PrivateFrameworks/RunningBoardServices.framework/Versions/A/RunningBoardServices
0x00007ff8288a7000 	/System/Library/PrivateFrameworks/IOSurfaceAccelerator.framework/Versions/A/IOSurfaceAccelerator
0x00007ff81d852000 	/System/Library/PrivateFrameworks/WatchdogClient.framework/Versions/A/WatchdogClient
0x00007ff812804000 	/System/Library/Frameworks/CoreDisplay.framework/Versions/A/CoreDisplay
0x00007ff819f90000 	/System/Library/Frameworks/CoreMedia.framework/Versions/A/CoreMedia
0x00007ff819e27000 	/System/Library/PrivateFrameworks/IOAccelerator.framework/Versions/A/IOAccelerator
0x00007ff818d2d000 	/System/Library/Frameworks/CoreVideo.framework/Versions/A/CoreVideo
0x00007ff81c504000 	/System/Library/Frameworks/MetalPerformanceShaders.framework/Versions/A/MetalPerformanceShaders
0x00007ff81d88f000 	/System/Library/Frameworks/VideoToolbox.framework/Versions/A/VideoToolbox
0x00007ff817af8000 	/System/Library/PrivateFrameworks/BaseBoard.framework/Versions/A/BaseBoard
0x00007ff81787f000 	/System/Library/PrivateFrameworks/ProtocolBuffer.framework/Versions/A/ProtocolBuffer
0x00007ff81ded4000 	/System/Library/PrivateFrameworks/GPUWrangler.framework/Versions/A/GPUWrangler
0x00007ff81deb8000 	/System/Library/PrivateFrameworks/IOPresentment.framework/Versions/A/IOPresentment
0x00007ff81dede000 	/System/Library/PrivateFrameworks/DSExternalDisplay.framework/Versions/A/DSExternalDisplay
0x00007ffa2a254000 	/System/Library/Frameworks/OpenGL.framework/Versions/A/Libraries/libCoreFSCache.dylib
0x00007ffb16d58000 	/System/Library/PrivateFrameworks/GPUCompiler.framework/Versions/31001/Libraries/libGPUCompilerUtils.dylib
0x00007ff81df49000 	/System/Library/PrivateFrameworks/CMCaptureCore.framework/Versions/A/CMCaptureCore
0x00007ff81d456000 	/System/Library/PrivateFrameworks/AppServerSupport.framework/Versions/A/AppServerSupport
0x00007ff81f715000 	/System/Library/PrivateFrameworks/perfdata.framework/Versions/A/perfdata
0x00007ff812930000 	/System/Library/PrivateFrameworks/AudioToolboxCore.framework/Versions/A/AudioToolboxCore
0x00007ff819f6e000 	/System/Library/PrivateFrameworks/caulk.framework/Versions/A/caulk
0x00007ff81f027000 	/usr/lib/libAudioStatistics.dylib
0x00007ff916d1e000 	/System/Library/PrivateFrameworks/SystemPolicy.framework/Versions/A/SystemPolicy
0x00007ff81f282000 	/usr/lib/libSMC.dylib
0x00007ff82819f000 	/System/Library/Frameworks/CoreMIDI.framework/Versions/A/CoreMIDI
0x00007ff81de04000 	/usr/lib/libAudioToolboxUtility.dylib
0x00007ff912f53000 	/System/Library/PrivateFrameworks/OSAServicesClient.framework/Versions/A/OSAServicesClient
0x00007ff81f722000 	/usr/lib/libperfcheck.dylib
0x00007ff9177c8000 	/usr/lib/libmis.dylib
0x00007ffa2a2af000 	/System/Library/Frameworks/OpenGL.framework/Versions/A/Libraries/libGLU.dylib
0x00007ffa2a273000 	/System/Library/Frameworks/OpenGL.framework/Versions/A/Libraries/libGFXShared.dylib
0x00007ffa2a47c000 	/System/Library/Frameworks/OpenGL.framework/Versions/A/Libraries/libGL.dylib
0x00007ffa2a27c000 	/System/Library/Frameworks/OpenGL.framework/Versions/A/Libraries/libGLImage.dylib
0x00007ffa2a270000 	/System/Library/Frameworks/OpenGL.framework/Versions/A/Libraries/libCVMSPluginSupport.dylib
0x00007ffa2a25b000 	/System/Library/Frameworks/OpenGL.framework/Versions/A/Libraries/libCoreVMClient.dylib
0x00007ff81aad9000 	/System/Library/Frameworks/MetalPerformanceShaders.framework/Versions/A/Frameworks/MPSCore.framework/Versions/A/MPSCore
0x00007ff81be9b000 	/System/Library/Frameworks/MetalPerformanceShaders.framework/Versions/A/Frameworks/MPSImage.framework/Versions/A/MPSImage
0x00007ff81b941000 	/System/Library/Frameworks/MetalPerformanceShaders.framework/Versions/A/Frameworks/MPSNeuralNetwork.framework/Versions/A/MPSNeuralNetwork
0x00007ff81bdb5000 	/System/Library/Frameworks/MetalPerformanceShaders.framework/Versions/A/Frameworks/MPSMatrix.framework/Versions/A/MPSMatrix
0x00007ff81bb70000 	/System/Library/Frameworks/MetalPerformanceShaders.framework/Versions/A/Frameworks/MPSRayIntersector.framework/Versions/A/MPSRayIntersector
0x00007ff81bded000 	/System/Library/Frameworks/MetalPerformanceShaders.framework/Versions/A/Frameworks/MPSNDArray.framework/Versions/A/MPSNDArray
0x00007ffa2f476000 	/System/Library/Frameworks/MetalPerformanceShaders.framework/Versions/A/Frameworks/MPSFunctions.framework/Versions/A/MPSFunctions
0x00007ff811c31000 	/System/Library/PrivateFrameworks/MetalTools.framework/Versions/A/MetalTools
0x00007ff81ab55000 	/System/Library/PrivateFrameworks/AggregateDictionary.framework/Versions/A/AggregateDictionary
0x00007ff81cc90000 	/usr/lib/libIOReport.dylib
0x00007ffa2b88b000 	/System/Library/Frameworks/OpenCL.framework/Versions/A/OpenCL
0x00007ff81cff4000 	/System/Library/PrivateFrameworks/FaceCore.framework/Versions/A/FaceCore
0x00007ff81cfe5000 	/System/Library/PrivateFrameworks/GraphVisualizer.framework/Versions/A/GraphVisualizer
0x00007ffb16c63000 	/System/Library/PrivateFrameworks/FontServices.framework/Versions/A/FontServices
0x00007ff81d40e000 	/System/Library/PrivateFrameworks/OTSVG.framework/Versions/A/OTSVG
0x00007ff818914000 	/System/Library/Frameworks/ApplicationServices.framework/Versions/A/Frameworks/ATS.framework/Versions/A/Resources/libFontRegistry.dylib
0x00007ff81d45e000 	/System/Library/PrivateFrameworks/FontServices.framework/libhvf.dylib
0x00007ffb16c64000 	/System/Library/PrivateFrameworks/FontServices.framework/libXTFontStaticRegistryData.dylib
0x00007ff81ce5e000 	/System/Library/PrivateFrameworks/AppleVA.framework/Versions/A/AppleVA
0x00007ff81f047000 	/System/Library/Frameworks/ApplicationServices.framework/Versions/A/Frameworks/ATS.framework/Versions/A/ATS
0x00007ff816fc5000 	/System/Library/Frameworks/ApplicationServices.framework/Versions/A/Frameworks/HIServices.framework/Versions/A/HIServices
0x00007ff81df53000 	/System/Library/Frameworks/ApplicationServices.framework/Versions/A/Frameworks/PrintCore.framework/Versions/A/PrintCore
0x00007ff81f3d5000 	/System/Library/Frameworks/ApplicationServices.framework/Versions/A/Frameworks/QD.framework/Versions/A/QD
0x00007ff81f3cd000 	/System/Library/Frameworks/ApplicationServices.framework/Versions/A/Frameworks/ColorSyncLegacy.framework/Versions/A/ColorSyncLegacy
0x00007ff81f037000 	/System/Library/Frameworks/ApplicationServices.framework/Versions/A/Frameworks/SpeechSynthesis.framework/Versions/A/SpeechSynthesis
0x00007ff81df14000 	/System/Library/Frameworks/ApplicationServices.framework/Versions/A/Frameworks/ATSUI.framework/Versions/A/ATSUI
0x00007ff81f362000 	/usr/lib/libcups.2.dylib
0x00007ff81f731000 	/System/Library/Frameworks/Kerberos.framework/Versions/A/Kerberos
0x00007ff81f740000 	/System/Library/Frameworks/GSS.framework/Versions/A/GSS
0x00007ff81f0b3000 	/usr/lib/libresolv.9.dylib
0x00007ff81d46d000 	/System/Library/PrivateFrameworks/Heimdal.framework/Versions/A/Heimdal
0x00007ff826322000 	/System/Library/Frameworks/Kerberos.framework/Versions/A/Libraries/libHeimdalProxy.dylib
0x00007ff817c81000 	/System/Library/Frameworks/Network.framework/Versions/A/Network
0x00007ff81cec8000 	/usr/lib/libheimdal-asn1.dylib
0x00007ff81f78b000 	/System/Library/PrivateFrameworks/CommonAuth.framework/Versions/A/CommonAuth
0x00007ff81efb9000 	/System/Library/PrivateFrameworks/AudioSession.framework/Versions/A/AudioSession
0x00007ff81cf58000 	/System/Library/PrivateFrameworks/MediaExperience.framework/Versions/A/MediaExperience
0x00007ff81ee4c000 	/System/Library/PrivateFrameworks/AudioSession.framework/libSessionUtility.dylib
0x00007ff81f3e1000 	/System/Library/PrivateFrameworks/AudioResourceArbitration.framework/Versions/A/AudioResourceArbitration
0x00007ff823462000 	/System/Library/PrivateFrameworks/PowerLog.framework/Versions/A/PowerLog
0x00007ff81ced1000 	/System/Library/PrivateFrameworks/IconFoundation.framework/Versions/A/IconFoundation
0x00007ff822218000 	/System/Library/PrivateFrameworks/SpeechRecognitionCore.framework/Versions/A/SpeechRecognitionCore
0x0000000101ae6000 	/Library/Java/JavaVirtualMachines/temurin-17.jdk/Contents/Home/lib/server/libjvm.dylib
0x00000001009c7000 	/Library/Java/JavaVirtualMachines/temurin-17.jdk/Contents/Home/lib/libjimage.dylib
0x00000001009e3000 	/Library/Java/JavaVirtualMachines/temurin-17.jdk/Contents/Home/lib/libinstrument.dylib
0x0000000100a1e000 	/Library/Java/JavaVirtualMachines/temurin-17.jdk/Contents/Home/lib/libjava.dylib
0x00000001018a4000 	/Library/Java/JavaVirtualMachines/temurin-17.jdk/Contents/Home/lib/libnio.dylib
0x00000001018b9000 	/Library/Java/JavaVirtualMachines/temurin-17.jdk/Contents/Home/lib/libnet.dylib
0x00000001018d3000 	/Library/Java/JavaVirtualMachines/temurin-17.jdk/Contents/Home/lib/libzip.dylib
0x00000001018e1000 	/Users/ahmedsherif/.openjfx/cache/17.0.1/libprism_es2.dylib
0x00007ff813dc7000 	/System/Library/PrivateFrameworks/CoreServicesInternal.framework/Versions/A/CoreServicesInternal
0x00007ffa2a487000 	/System/Library/Frameworks/OpenGL.framework/Versions/A/Resources/GLEngine.bundle/GLEngine
0x00007ffa2a2ed000 	/System/Library/Frameworks/OpenGL.framework/Versions/A/Libraries/libGLProgrammability.dylib
0x00007ffa23181000 	/System/Library/Extensions/AppleIntelICLGraphicsGLDriver.bundle/Contents/MacOS/AppleIntelICLGraphicsGLDriver
0x00007ff92194d000 	/System/Library/PrivateFrameworks/GPUSupport.framework/Versions/A/Libraries/libGPUSupportMercury.dylib
0x00007ffa2a611000 	/System/Library/Frameworks/OpenGL.framework/Versions/A/Resources/GLRendererFloat.bundle/GLRendererFloat
0x0000000106fa5000 	/Users/ahmedsherif/.openjfx/cache/17.0.1/libglass.dylib
0x00007ff823a53000 	/System/Library/Frameworks/FileProvider.framework/Versions/A/FileProvider
0x00007ff817a65000 	/System/Library/Frameworks/Accounts.framework/Versions/A/Accounts
0x00007ff823bcc000 	/System/Library/PrivateFrameworks/GenerationalStorage.framework/Versions/A/GenerationalStorage
0x00007ff8246dc000 	/System/Library/PrivateFrameworks/CoreSymbolication.framework/Versions/A/CoreSymbolication
0x00007ff823457000 	/System/Library/PrivateFrameworks/SymptomDiagnosticReporter.framework/Versions/A/SymptomDiagnosticReporter
0x00007ff815086000 	/System/Library/PrivateFrameworks/DesktopServicesPriv.framework/Versions/A/DesktopServicesPriv
0x00007ff813f06000 	/usr/lib/libsandbox.1.dylib
0x00007ff818dac000 	/System/Library/PrivateFrameworks/UserManagement.framework/Versions/A/UserManagement
0x00007ff8246a1000 	/System/Library/PrivateFrameworks/DebugSymbols.framework/Versions/A/DebugSymbols
0x00007ff81f3c2000 	/System/Library/PrivateFrameworks/NetAuth.framework/Versions/A/NetAuth
0x00007ff8202d1000 	/System/Library/PrivateFrameworks/Sharing.framework/Versions/A/Sharing
0x00007ff818d7f000 	/System/Library/PrivateFrameworks/login.framework/Versions/A/Frameworks/loginsupport.framework/Versions/A/loginsupport
0x00007ff82583f000 	/System/Library/PrivateFrameworks/Apple80211.framework/Versions/A/Apple80211
0x00007ff81bf80000 	/System/Library/PrivateFrameworks/AuthKit.framework/Versions/A/AuthKit
0x00007ff81b5d5000 	/System/Library/PrivateFrameworks/CoreUtils.framework/Versions/A/CoreUtils
0x00007ff81b4fc000 	/System/Library/Frameworks/CoreWLAN.framework/Versions/A/CoreWLAN
0x00007ff820430000 	/System/Library/Frameworks/IOBluetooth.framework/Versions/A/IOBluetooth
0x00007ff8258a7000 	/System/Library/PrivateFrameworks/CoreWiFi.framework/Versions/A/CoreWiFi
0x00007ff824276000 	/System/Library/PrivateFrameworks/FrontBoardServices.framework/Versions/A/FrontBoardServices
0x00007ff824307000 	/System/Library/PrivateFrameworks/BoardServices.framework/Versions/A/BoardServices
0x00007ff81b7e4000 	/System/Library/PrivateFrameworks/AssertionServices.framework/Versions/A/AssertionServices
0x00007ff825a2a000 	/System/Library/PrivateFrameworks/BackBoardServices.framework/Versions/A/BackBoardServices
0x00007ff81f81c000 	/System/Library/PrivateFrameworks/CorePhoneNumbers.framework/Versions/A/CorePhoneNumbers
0x00007ff81f0e0000 	/System/Library/PrivateFrameworks/MultiverseSupport.framework/Versions/A/MultiverseSupport
0x00007ff825c9d000 	/System/Library/PrivateFrameworks/RemoteServiceDiscovery.framework/Versions/A/RemoteServiceDiscovery
0x00007ff823574000 	/System/Library/PrivateFrameworks/DiskManagement.framework/Versions/A/DiskManagement
0x00007ff823488000 	/System/Library/PrivateFrameworks/AppleIDAuthSupport.framework/Versions/A/AppleIDAuthSupport
0x00007ffb115fa000 	/System/Library/PrivateFrameworks/AAAFoundation.framework/Versions/A/AAAFoundation
0x00007ff81f7fd000 	/System/Library/PrivateFrameworks/KeychainCircle.framework/Versions/A/KeychainCircle
0x00007ff825cad000 	/System/Library/PrivateFrameworks/RemoteXPC.framework/Versions/A/RemoteXPC
0x00007ff823540000 	/System/Library/PrivateFrameworks/MediaKit.framework/Versions/A/MediaKit
0x00007ff823494000 	/System/Library/Frameworks/DiscRecording.framework/Versions/A/DiscRecording
0x00007ff81cdd6000 	/usr/lib/libCoreStorage.dylib
0x00007ff825d18000 	/usr/lib/libcsfde.dylib
0x00007ff8204fd000 	/System/Library/PrivateFrameworks/ProtectedCloudStorage.framework/Versions/A/ProtectedCloudStorage
0x00007ff825d14000 	/System/Library/PrivateFrameworks/EFILogin.framework/Versions/A/EFILogin
0x00007ff823bf2000 	/System/Library/PrivateFrameworks/OctagonTrust.framework/Versions/A/OctagonTrust
0x00007ffb15ec6000 	/System/Library/PrivateFrameworks/CoreUtilsExtras.framework/Versions/A/CoreUtilsExtras
0x00007ff8233bb000 	/System/Library/Frameworks/CoreBluetooth.framework/Versions/A/CoreBluetooth
0x00007ff8263a7000 	/System/Library/Frameworks/AudioUnit.framework/Versions/A/AudioUnit
0x00007ff81cdce000 	/usr/lib/libMatch.1.dylib
0x00007ff91bdda000 	/System/Library/Frameworks/Accelerate.framework/Versions/A/Frameworks/vImage.framework/Versions/A/Libraries/libCGInterfaces.dylib
0x000000011ffdc000 	/usr/lib/libobjc-trampolines.dylib
0x00007ffb29723000 	/usr/lib/libRosetta.dylib
0x00007ff818aa4000 	/System/Library/PrivateFrameworks/ViewBridge.framework/Versions/A/ViewBridge


VM Arguments:
jvm_args: -javaagent:/Applications/IntelliJ IDEA.app/Contents/lib/idea_rt.jar=59297:/Applications/IntelliJ IDEA.app/Contents/bin -Dfile.encoding=UTF-8 --module-path=/Users/ahmedsherif/.m2/repository/org/openjfx/javafx-fxml/17.0.1/javafx-fxml-17.0.1-mac.jar:/Users/ahmedsherif/.m2/repository/org/openjfx/javafx-base/17.0.1/javafx-base-17.0.1-mac.jar:/Users/ahmedsherif/.m2/repository/com/dlsc/formsfx/formsfx-core/11.3.2/formsfx-core-11.3.2.jar:/Users/ahmedsherif/.m2/repository/org/kordamp/bootstrapfx/bootstrapfx-core/0.4.0/bootstrapfx-core-0.4.0.jar:/Users/ahmedsherif/.m2/repository/org/controlsfx/controlsfx/11.1.1/controlsfx-11.1.1.jar:/Users/ahmedsherif/Desktop/Incognito/Java/demo/target/classes:/Users/ahmedsherif/.m2/repository/org/openjfx/javafx-controls/17.0.1/javafx-controls-17.0.1-mac.jar:/Users/ahmedsherif/.m2/repository/org/openjfx/javafx-graphics/17.0.1/javafx-graphics-17.0.1-mac.jar -Djdk.module.main=com.example.demo 
java_command: com.example.demo/com.example.demo.HelloApplication
java_class_path (initial): /Users/ahmedsherif/Downloads/mssql-jdbc-10.2.1.jre11.jar:/Users/ahmedsherif/Downloads/postgresql-42.3.6.jar:/Users/ahmedsherif/.m2/repository/org/openjfx/javafx-controls/17.0.1/javafx-controls-17.0.1.jar:/Users/ahmedsherif/.m2/repository/org/openjfx/javafx-graphics/17.0.1/javafx-graphics-17.0.1.jar:/Users/ahmedsherif/.m2/repository/org/openjfx/javafx-base/17.0.1/javafx-base-17.0.1.jar:/Users/ahmedsherif/.m2/repository/org/openjfx/javafx-fxml/17.0.1/javafx-fxml-17.0.1.jar:/Users/ahmedsherif/.m2/repository/com/microsoft/sqlserver/mssql-jdbc/10.2.0.jre11/mssql-jdbc-10.2.0.jre11.jar:/Users/ahmedsherif/Downloads/mysql-connector-java-8.0.29/mysql-connector-java-8.0.29.jar
Launcher Type: SUN_STANDARD

[Global flags]
     intx CICompilerCount                          = 3                                         {product} {ergonomic}
     uint ConcGCThreads                            = 1                                         {product} {ergonomic}
     uint G1ConcRefinementThreads                  = 4                                         {product} {ergonomic}
   size_t G1HeapRegionSize                         = 1048576                                   {product} {ergonomic}
    uintx GCDrainStackTargetSize                   = 64                                        {product} {ergonomic}
   size_t InitialHeapSize                          = 134217728                                 {product} {ergonomic}
   size_t MarkStackSize                            = 4194304                                   {product} {ergonomic}
   size_t MaxHeapSize                              = 2147483648                                {product} {ergonomic}
   size_t MaxNewSize                               = 1287651328                                {product} {ergonomic}
   size_t MinHeapDeltaBytes                        = 1048576                                   {product} {ergonomic}
   size_t MinHeapSize                              = 8388608                                   {product} {ergonomic}
    uintx NonNMethodCodeHeapSize                   = 5832780                                {pd product} {ergonomic}
    uintx NonProfiledCodeHeapSize                  = 122912730                              {pd product} {ergonomic}
    uintx ProfiledCodeHeapSize                     = 122912730                              {pd product} {ergonomic}
    uintx ReservedCodeCacheSize                    = 251658240                              {pd product} {ergonomic}
     bool SegmentedCodeCache                       = true                                      {product} {ergonomic}
   size_t SoftMaxHeapSize                          = 2147483648                             {manageable} {ergonomic}
     bool UseCompressedClassPointers               = true                           {product lp64_product} {ergonomic}
     bool UseCompressedOops                        = true                           {product lp64_product} {ergonomic}
     bool UseG1GC                                  = true                                      {product} {ergonomic}
     bool UseNUMA                                  = false                                     {product} {ergonomic}
     bool UseNUMAInterleaving                      = false                                     {product} {ergonomic}

Logging:
Log output configuration:
 #0: stdout all=warning uptime,level,tags
 #1: stderr all=off uptime,level,tags

Environment Variables:
PATH=/usr/local/bin:/usr/bin:/bin:/usr/sbin:/sbin:/Applications/VMware Fusion.app/Contents/Public:/usr/local/share/dotnet:~/.dotnet/tools:/Library/Apple/usr/bin
SHELL=/bin/zsh
LC_CTYPE=en_US.UTF-8

Signal Handlers:
   SIGSEGV: _ZL13crash_handleriP9__siginfoPv in libjvm.dylib, mask=11100110000111110111111111111111, flags=SA_RESTART|SA_SIGINFO
    SIGBUS: _ZL13crash_handleriP9__siginfoPv in libjvm.dylib, mask=11100110000111110111111111111111, flags=SA_RESTART|SA_SIGINFO
    SIGFPE: _ZL13crash_handleriP9__siginfoPv in libjvm.dylib, mask=11100110000111110111111111111111, flags=SA_RESTART|SA_SIGINFO
   SIGPIPE: _ZL17javaSignalHandleriP9__siginfoPv in libjvm.dylib, mask=11100110000111110111111111111111, flags=SA_RESTART|SA_SIGINFO
   SIGXFSZ: _ZL17javaSignalHandleriP9__siginfoPv in libjvm.dylib, mask=11100110000111110111111111111111, flags=SA_RESTART|SA_SIGINFO
    SIGILL: _ZL13crash_handleriP9__siginfoPv in libjvm.dylib, mask=11100110000111110111111111111111, flags=SA_RESTART|SA_SIGINFO
   SIGUSR2: _ZL10SR_handleriP9__siginfoP17__darwin_ucontext in libjvm.dylib, mask=00100000000000000000000000000000, flags=SA_RESTART|SA_SIGINFO
    SIGHUP: _ZL11UserHandleriPvS_ in libjvm.dylib, mask=11100110000111110111111111111111, flags=SA_RESTART|SA_SIGINFO
    SIGINT: _ZL11UserHandleriPvS_ in libjvm.dylib, mask=11100110000111110111111111111111, flags=SA_RESTART|SA_SIGINFO
   SIGTERM: _ZL11UserHandleriPvS_ in libjvm.dylib, mask=11100110000111110111111111111111, flags=SA_RESTART|SA_SIGINFO
   SIGQUIT: _ZL11UserHandleriPvS_ in libjvm.dylib, mask=11100110000111110111111111111111, flags=SA_RESTART|SA_SIGINFO
   SIGTRAP: _ZL13crash_handleriP9__siginfoPv in libjvm.dylib, mask=11100110000111110111111111111111, flags=SA_RESTART|SA_SIGINFO


---------------  S Y S T E M  ---------------

OS:
uname: Darwin 21.5.0 Darwin Kernel Version 21.5.0: Tue Apr 26 21:08:22 PDT 2022; root:xnu-8020.121.3~4/RELEASE_X86_64 x86_64
OS uptime: 0 days 23:07 hours
rlimit (soft/hard): STACK 8192k/65532k , CORE 0k/infinity , NPROC 1392/2088 , NOFILE 10240/infinity , AS infinity/infinity , CPU infinity/infinity , DATA infinity/infinity , FSIZE infinity/infinity , MEMLOCK infinity/infinity , RSS infinity/infinity
load average: 106.60 45.54 27.74

CPU: total 4 (initial active 4) (2 cores per cpu, 2 threads per core) family 6 model 126 stepping 5 microcode 0xb0, cx8, cmov, fxsr, ht, mmx, 3dnowpref, sse, sse2, sse3, ssse3, sse4.1, sse4.2, popcnt, lzcnt, tsc, tscinvbit, avx, avx2, aes, erms, clmul, bmi1, bmi2, adx, sha, fma, vzeroupper, clflush, clflushopt

Memory: 4k page, physical 8388608k(142820k free), swap 6291456k(4405504k free)

vm_info: OpenJDK 64-Bit Server VM (17.0.2+8) for bsd-amd64 JRE (17.0.2+8), built on Jan 20 2022 10:57:18 by "jenkins" with clang 4.2.1 Compatible Apple LLVM 10.0.1 (clang-1001.0.46.4)

END.
